-------------------------------------------------------------------------------
Test set: com.example.database.databaseDemo.DatabaseDemoApplicationTests
-------------------------------------------------------------------------------
Tests run: 1, Failures: 0, Errors: 1, Skipped: 0, Time elapsed: 7.55 s <<< FAILURE! - in com.example.database.databaseDemo.DatabaseDemoApplicationTests
contextLoads  Time elapsed: 0.001 s  <<< ERROR!
java.lang.IllegalStateException: Failed to load ApplicationContext
Caused by: org.springframework.beans.factory.BeanCreationException: Error creating bean with name 'liquibase' defined in class path resource [org/springframework/boot/autoconfigure/liquibase/LiquibaseAutoConfiguration$LiquibaseConfiguration.class]: Invocation of init method failed; nested exception is liquibase.exception.ChangeLogParseException: Error Reading Migration File: class path resource [db/changelog/changelog-master.xml] cannot be resolved to URL because it does not exist
Caused by: liquibase.exception.ChangeLogParseException: Error Reading Migration File: class path resource [db/changelog/changelog-master.xml] cannot be resolved to URL because it does not exist
Caused by: java.io.FileNotFoundException: class path resource [db/changelog/changelog-master.xml] cannot be resolved to URL because it does not exist

