<?xml version="1.0" encoding="UTF-8"?>
<testsuite xmlns:xsi="http://www.w3.org/2001/XMLSchema-instance" xsi:noNamespaceSchemaLocation="https://maven.apache.org/surefire/maven-surefire-plugin/xsd/surefire-test-report.xsd" name="com.example.database.databaseDemo.DatabaseDemoApplicationTests" time="7.55" tests="1" errors="1" skipped="0" failures="0">
  <properties>
[...]
</properties>
  <testcase name="contextLoads" classname="com.example.database.databaseDemo.DatabaseDemoApplicationTests" time="0.001">
    <error message="Failed to load ApplicationContext" type="java.lang.IllegalStateException">java.lang.IllegalStateException: Failed to load ApplicationContext
Caused by: org.springframework.beans.factory.BeanCreationException: Error creating bean with name 'liquibase' defined in class path resource [org/springframework/boot/autoconfigure/liquibase/LiquibaseAutoConfiguration$LiquibaseConfiguration.class]: Invocation of init method failed; nested exception is liquibase.exception.ChangeLogParseException: Error Reading Migration File: class path resource [db/changelog/changelog-master.xml] cannot be resolved to URL because it does not exist
Caused by: liquibase.exception.ChangeLogParseException: Error Reading Migration File: class path resource [db/changelog/changelog-master.xml] cannot be resolved to URL because it does not exist
Caused by: java.io.FileNotFoundException: class path resource [db/changelog/changelog-master.xml] cannot be resolved to URL because it does not exist
</error>
    <system-out><![CDATA[01:22:31.753 [main] DEBUG org.springframework.test.context.BootstrapUtils - Instantiating CacheAwareContextLoaderDelegate from class [org.springframework.test.context.cache.DefaultCacheAwareContextLoaderDelegate]
01:22:31.763 [main] DEBUG org.springframework.test.context.BootstrapUtils - Instantiating BootstrapContext using constructor [public org.springframework.test.context.support.DefaultBootstrapContext(java.lang.Class,org.springframework.test.context.CacheAwareContextLoaderDelegate)]
01:22:31.785 [main] DEBUG org.springframework.test.context.BootstrapUtils - Instantiating TestContextBootstrapper for test class [com.example.database.databaseDemo.DatabaseDemoApplicationTests] from class [org.springframework.boot.test.context.SpringBootTestContextBootstrapper]
01:22:31.802 [main] INFO org.springframework.boot.test.context.SpringBootTestContextBootstrapper - Neither @ContextConfiguration nor @ContextHierarchy found for test class [com.example.database.databaseDemo.DatabaseDemoApplicationTests], using SpringBootContextLoader
01:22:31.806 [main] DEBUG org.springframework.test.context.support.AbstractContextLoader - Did not detect default resource location for test class [com.example.database.databaseDemo.DatabaseDemoApplicationTests]: class path resource [com/example/database/databaseDemo/DatabaseDemoApplicationTests-context.xml] does not exist
01:22:31.806 [main] DEBUG org.springframework.test.context.support.AbstractContextLoader - Did not detect default resource location for test class [com.example.database.databaseDemo.DatabaseDemoApplicationTests]: class path resource [com/example/database/databaseDemo/DatabaseDemoApplicationTestsContext.groovy] does not exist
01:22:31.807 [main] INFO org.springframework.test.context.support.AbstractContextLoader - Could not detect default resource locations for test class [com.example.database.databaseDemo.DatabaseDemoApplicationTests]: no resource found for suffixes {-context.xml, Context.groovy}.
01:22:31.808 [main] INFO org.springframework.test.context.support.AnnotationConfigContextLoaderUtils - Could not detect default configuration classes for test class [com.example.database.databaseDemo.DatabaseDemoApplicationTests]: DatabaseDemoApplicationTests does not declare any static, non-private, non-final, nested classes annotated with @Configuration.
01:22:31.841 [main] DEBUG org.springframework.test.context.support.ActiveProfilesUtils - Could not find an 'annotation declaring class' for annotation type [org.springframework.test.context.ActiveProfiles] and class [com.example.database.databaseDemo.DatabaseDemoApplicationTests]
01:22:31.890 [main] DEBUG org.springframework.context.annotation.ClassPathScanningCandidateComponentProvider - Identified candidate component class: file [/Users/nawab-mac/Documents/workspace/springboot/databaseDemo/target/classes/com/example/database/databaseDemo/DatabaseDemoApplication.class]
01:22:31.892 [main] INFO org.springframework.boot.test.context.SpringBootTestContextBootstrapper - Found @SpringBootConfiguration com.example.database.databaseDemo.DatabaseDemoApplication for test class com.example.database.databaseDemo.DatabaseDemoApplicationTests
01:22:31.957 [main] DEBUG org.springframework.boot.test.context.SpringBootTestContextBootstrapper - @TestExecutionListeners is not present for class [com.example.database.databaseDemo.DatabaseDemoApplicationTests]: using defaults.
01:22:31.957 [main] INFO org.springframework.boot.test.context.SpringBootTestContextBootstrapper - Loaded default TestExecutionListener class names from location [META-INF/spring.factories]: [org.springframework.boot.test.mock.mockito.MockitoTestExecutionListener, org.springframework.boot.test.mock.mockito.ResetMocksTestExecutionListener, org.springframework.boot.test.autoconfigure.restdocs.RestDocsTestExecutionListener, org.springframework.boot.test.autoconfigure.web.client.MockRestServiceServerResetTestExecutionListener, org.springframework.boot.test.autoconfigure.web.servlet.MockMvcPrintOnlyOnFailureTestExecutionListener, org.springframework.boot.test.autoconfigure.web.servlet.WebDriverTestExecutionListener, org.springframework.test.context.web.ServletTestExecutionListener, org.springframework.test.context.support.DirtiesContextBeforeModesTestExecutionListener, org.springframework.test.context.support.DependencyInjectionTestExecutionListener, org.springframework.test.context.support.DirtiesContextTestExecutionListener, org.springframework.test.context.transaction.TransactionalTestExecutionListener, org.springframework.test.context.jdbc.SqlScriptsTestExecutionListener, org.springframework.test.context.event.EventPublishingTestExecutionListener]
01:22:31.970 [main] INFO org.springframework.boot.test.context.SpringBootTestContextBootstrapper - Using TestExecutionListeners: [org.springframework.test.context.web.ServletTestExecutionListener@3a3e78f, org.springframework.test.context.support.DirtiesContextBeforeModesTestExecutionListener@301ec38b, org.springframework.boot.test.mock.mockito.MockitoTestExecutionListener@17a1e4ca, org.springframework.boot.test.autoconfigure.SpringBootDependencyInjectionTestExecutionListener@10ded6a9, org.springframework.test.context.support.DirtiesContextTestExecutionListener@c5dc4a2, org.springframework.test.context.transaction.TransactionalTestExecutionListener@4a194c39, org.springframework.test.context.jdbc.SqlScriptsTestExecutionListener@52066604, org.springframework.test.context.event.EventPublishingTestExecutionListener@340b9973, org.springframework.boot.test.mock.mockito.ResetMocksTestExecutionListener@56113384, org.springframework.boot.test.autoconfigure.restdocs.RestDocsTestExecutionListener@5669c5fb, org.springframework.boot.test.autoconfigure.web.client.MockRestServiceServerResetTestExecutionListener@373ebf74, org.springframework.boot.test.autoconfigure.web.servlet.MockMvcPrintOnlyOnFailureTestExecutionListener@5f9678e1, org.springframework.boot.test.autoconfigure.web.servlet.WebDriverTestExecutionListener@c4ed84]
01:22:31.973 [main] DEBUG org.springframework.test.context.support.AbstractDirtiesContextTestExecutionListener - Before test class: context [DefaultTestContext@59f63e24 testClass = DatabaseDemoApplicationTests, testInstance = [null], testMethod = [null], testException = [null], mergedContextConfiguration = [WebMergedContextConfiguration@61f05988 testClass = DatabaseDemoApplicationTests, locations = '{}', classes = '{class com.example.database.databaseDemo.DatabaseDemoApplication}', contextInitializerClasses = '[]', activeProfiles = '{}', propertySourceLocations = '{}', propertySourceProperties = '{org.springframework.boot.test.context.SpringBootTestContextBootstrapper=true}', contextCustomizers = set[org.springframework.boot.test.context.filter.ExcludeFilterContextCustomizer@1df8da7a, org.springframework.boot.test.json.DuplicateJsonObjectContextCustomizerFactory$DuplicateJsonObjectContextCustomizer@660acfb, org.springframework.boot.test.mock.mockito.MockitoContextCustomizer@0, org.springframework.boot.test.web.client.TestRestTemplateContextCustomizer@642a7222, org.springframework.boot.test.autoconfigure.properties.PropertyMappingContextCustomizer@0, org.springframework.boot.test.autoconfigure.web.servlet.WebDriverContextCustomizerFactory$Customizer@2ad48653], resourceBasePath = 'src/main/webapp', contextLoader = 'org.springframework.boot.test.context.SpringBootContextLoader', parent = [null]], attributes = map['org.springframework.test.context.web.ServletTestExecutionListener.activateListener' -> true]], class annotated with @DirtiesContext [false] with mode [null].
01:22:31.992 [main] DEBUG org.springframework.test.context.support.TestPropertySourceUtils - Adding inlined properties to environment: {spring.jmx.enabled=false, org.springframework.boot.test.context.SpringBootTestContextBootstrapper=true, server.port=-1}
2019-09-13 01:22:37.212 DEBUG 4924 --- [           main] .c.l.ClasspathLoggingApplicationListener : Application started with classpath: unknown

  .   ____          _            __ _ _
 /\\ / ___'_ __ _ _(_)_ __  __ _ \ \ \ \
( ( )\___ | '_ | '_| | '_ \/ _` | \ \ \ \
 \\/  ___)| |_)| | | | | || (_| |  ) ) ) )
  '  |____| .__|_| |_|_| |_\__, | / / / /
 =========|_|==============|___/=/_/_/_/
 :: Spring Boot ::             (v2.2.0.M5)

2019-09-13 01:22:37.287  INFO 4924 --- [           main] c.e.d.d.DatabaseDemoApplicationTests     : Starting DatabaseDemoApplicationTests on Nawab-macs-MacBook-Pro.local with PID 4924 (started by nawab-mac in /Users/nawab-mac/Documents/workspace/springboot/databaseDemo)
2019-09-13 01:22:37.287 DEBUG 4924 --- [           main] c.e.d.d.DatabaseDemoApplicationTests     : Running with Spring Boot v2.2.0.M5, Spring v5.2.0.RC1
2019-09-13 01:22:37.288  INFO 4924 --- [           main] c.e.d.d.DatabaseDemoApplicationTests     : No active profile set, falling back to default profiles: default
2019-09-13 01:22:37.288 DEBUG 4924 --- [           main] o.s.boot.SpringApplication               : Loading source class com.example.database.databaseDemo.DatabaseDemoApplication
2019-09-13 01:22:37.310 DEBUG 4924 --- [           main] o.s.b.c.c.ConfigFileApplicationListener  : Loaded config file 'file:/Users/nawab-mac/Documents/workspace/springboot/databaseDemo/target/classes/application.properties' (classpath:/application.properties)
2019-09-13 01:22:37.310 DEBUG 4924 --- [           main] o.s.w.c.s.GenericWebApplicationContext   : Refreshing org.springframework.web.context.support.GenericWebApplicationContext@38b972d7
2019-09-13 01:22:37.324 DEBUG 4924 --- [           main] o.s.b.f.s.DefaultListableBeanFactory     : Creating shared instance of singleton bean 'org.springframework.context.annotation.internalConfigurationAnnotationProcessor'
2019-09-13 01:22:37.336 DEBUG 4924 --- [           main] o.s.b.f.s.DefaultListableBeanFactory     : Creating shared instance of singleton bean 'org.springframework.boot.autoconfigure.internalCachingMetadataReaderFactory'
2019-09-13 01:22:37.368 DEBUG 4924 --- [           main] o.s.c.a.ClassPathBeanDefinitionScanner   : Identified candidate component class: file [/Users/nawab-mac/Documents/workspace/springboot/databaseDemo/target/classes/com/example/database/databaseDemo/PersonJdbcDao.class]
2019-09-13 01:22:37.514 DEBUG 4924 --- [           main] o.s.c.e.PropertySourcesPropertyResolver  : Found key 'spring.jmx.enabled' in PropertySource 'configurationProperties' with value of type String
2019-09-13 01:22:37.542 DEBUG 4924 --- [           main] o.s.c.e.PropertySourcesPropertyResolver  : Found key 'spring.jmx.enabled' in PropertySource 'configurationProperties' with value of type String
2019-09-13 01:22:37.597 DEBUG 4924 --- [           main] o.s.c.e.PropertySourcesPropertyResolver  : Found key 'spring.h2.console.enabled' in PropertySource 'configurationProperties' with value of type String
2019-09-13 01:22:37.753  INFO 4924 --- [           main] .s.d.r.c.RepositoryConfigurationDelegate : Bootstrapping Spring Data repositories in DEFAULT mode.
2019-09-13 01:22:37.759 DEBUG 4924 --- [           main] o.s.b.f.s.DefaultListableBeanFactory     : Creating shared instance of singleton bean 'org.springframework.boot.autoconfigure.AutoConfigurationPackages'
2019-09-13 01:22:37.765 DEBUG 4924 --- [           main] o.s.b.a.AutoConfigurationPackages        : @EnableAutoConfiguration was declared on a class in the package 'com.example.database.databaseDemo'. Automatic @Repository and @Entity scanning is enabled.
2019-09-13 01:22:37.766 DEBUG 4924 --- [           main] .s.d.r.c.RepositoryConfigurationDelegate : Scanning for repositories in packages com.example.database.databaseDemo.
2019-09-13 01:22:37.771  INFO 4924 --- [           main] .s.d.r.c.RepositoryConfigurationDelegate : Finished Spring Data repository scanning in 4ms. Found 0 repository interfaces.
2019-09-13 01:22:37.792 DEBUG 4924 --- [           main] o.s.c.e.PropertySourcesPropertyResolver  : Found key 'spring.h2.console.enabled' in PropertySource 'configurationProperties' with value of type String
2019-09-13 01:22:37.912 DEBUG 4924 --- [           main] o.s.b.f.s.DefaultListableBeanFactory     : Creating shared instance of singleton bean 'propertySourcesPlaceholderConfigurer'
2019-09-13 01:22:37.916 DEBUG 4924 --- [           main] o.s.b.f.s.DefaultListableBeanFactory     : Creating shared instance of singleton bean 'org.springframework.boot.test.mock.mockito.MockitoPostProcessor'
2019-09-13 01:22:37.917 DEBUG 4924 --- [           main] o.s.b.f.s.DefaultListableBeanFactory     : Creating shared instance of singleton bean 'emBeanDefinitionRegistrarPostProcessor'
2019-09-13 01:22:37.946 DEBUG 4924 --- [           main] o.s.b.f.s.DefaultListableBeanFactory     : Creating shared instance of singleton bean 'org.springframework.context.event.internalEventListenerProcessor'
2019-09-13 01:22:37.948 DEBUG 4924 --- [           main] o.s.b.f.s.DefaultListableBeanFactory     : Creating shared instance of singleton bean 'preserveErrorControllerTargetClassPostProcessor'
2019-09-13 01:22:37.948 DEBUG 4924 --- [           main] o.s.b.f.s.DefaultListableBeanFactory     : Creating shared instance of singleton bean 'org.springframework.boot.autoconfigure.liquibase.LiquibaseAutoConfiguration$LiquibaseNamedParameterJdbcOperationsDependencyConfiguration'
2019-09-13 01:22:37.949 DEBUG 4924 --- [           main] o.s.b.f.s.DefaultListableBeanFactory     : Creating shared instance of singleton bean 'org.springframework.boot.autoconfigure.liquibase.LiquibaseAutoConfiguration$LiquibaseJdbcOperationsDependencyConfiguration'
2019-09-13 01:22:37.949 DEBUG 4924 --- [           main] o.s.b.f.s.DefaultListableBeanFactory     : Creating shared instance of singleton bean 'org.springframework.boot.autoconfigure.liquibase.LiquibaseAutoConfiguration$LiquibaseJpaDependencyConfiguration'
2019-09-13 01:22:37.950 DEBUG 4924 --- [           main] o.s.b.f.s.DefaultListableBeanFactory     : Creating shared instance of singleton bean 'org.springframework.context.event.internalEventListenerFactory'
2019-09-13 01:22:37.951 DEBUG 4924 --- [           main] o.s.b.f.s.DefaultListableBeanFactory     : Creating shared instance of singleton bean 'org.springframework.transaction.config.internalTransactionalEventListenerFactory'
2019-09-13 01:22:37.956 DEBUG 4924 --- [           main] o.s.b.f.s.DefaultListableBeanFactory     : Creating shared instance of singleton bean 'org.springframework.boot.test.mock.mockito.MockitoPostProcessor$SpyPostProcessor'
2019-09-13 01:22:37.957 DEBUG 4924 --- [           main] o.s.b.f.s.DefaultListableBeanFactory     : Creating shared instance of singleton bean 'org.springframework.context.annotation.internalAutowiredAnnotationProcessor'
2019-09-13 01:22:37.959 DEBUG 4924 --- [           main] o.s.b.f.s.DefaultListableBeanFactory     : Creating shared instance of singleton bean 'org.springframework.context.annotation.internalCommonAnnotationProcessor'
2019-09-13 01:22:37.962 DEBUG 4924 --- [           main] o.s.b.f.s.DefaultListableBeanFactory     : Creating shared instance of singleton bean 'org.springframework.context.annotation.internalPersistenceAnnotationProcessor'
2019-09-13 01:22:37.963 DEBUG 4924 --- [           main] o.s.b.f.s.DefaultListableBeanFactory     : Creating shared instance of singleton bean 'org.springframework.boot.context.properties.ConfigurationPropertiesBindingPostProcessor'
2019-09-13 01:22:37.963 DEBUG 4924 --- [           main] o.s.b.f.s.DefaultListableBeanFactory     : Creating shared instance of singleton bean 'org.springframework.boot.context.properties.ConfigurationBeanFactoryMetadata'
2019-09-13 01:22:37.963 DEBUG 4924 --- [           main] o.s.b.f.s.DefaultListableBeanFactory     : Creating shared instance of singleton bean 'org.springframework.boot.context.internalConfigurationPropertiesBinder'
2019-09-13 01:22:37.965 DEBUG 4924 --- [           main] o.s.b.f.s.DefaultListableBeanFactory     : Creating shared instance of singleton bean 'methodValidationPostProcessor'
2019-09-13 01:22:37.977 DEBUG 4924 --- [           main] o.s.b.f.s.DefaultListableBeanFactory     : Autowiring by type from bean name 'methodValidationPostProcessor' via factory method to bean named 'environment'
2019-09-13 01:22:38.005 DEBUG 4924 --- [           main] o.s.b.f.s.DefaultListableBeanFactory     : Creating shared instance of singleton bean 'org.springframework.aop.config.internalAutoProxyCreator'
2019-09-13 01:22:38.031 DEBUG 4924 --- [           main] o.s.b.f.s.DefaultListableBeanFactory     : Creating shared instance of singleton bean 'dataSourceInitializerPostProcessor'
2019-09-13 01:22:38.036 DEBUG 4924 --- [           main] o.s.b.f.s.DefaultListableBeanFactory     : Creating shared instance of singleton bean 'persistenceExceptionTranslationPostProcessor'
2019-09-13 01:22:38.037 DEBUG 4924 --- [           main] o.s.b.f.s.DefaultListableBeanFactory     : Autowiring by type from bean name 'persistenceExceptionTranslationPostProcessor' via factory method to bean named 'environment'
2019-09-13 01:22:38.044 DEBUG 4924 --- [           main] o.s.b.f.s.DefaultListableBeanFactory     : Creating shared instance of singleton bean 'webServerFactoryCustomizerBeanPostProcessor'
2019-09-13 01:22:38.047 DEBUG 4924 --- [           main] o.s.b.f.s.DefaultListableBeanFactory     : Creating shared instance of singleton bean 'errorPageRegistrarBeanPostProcessor'
2019-09-13 01:22:38.049 DEBUG 4924 --- [           main] o.s.b.f.s.DefaultListableBeanFactory     : Creating shared instance of singleton bean 'dataSourceInitializedPublisher'
2019-09-13 01:22:38.051 DEBUG 4924 --- [           main] o.s.b.f.s.DefaultListableBeanFactory     : Creating shared instance of singleton bean 'projectingArgumentResolverBeanPostProcessor'
2019-09-13 01:22:38.052 DEBUG 4924 --- [           main] o.s.b.f.s.DefaultListableBeanFactory     : Creating shared instance of singleton bean 'org.springframework.transaction.config.internalTransactionAdvisor'
2019-09-13 01:22:38.053 DEBUG 4924 --- [           main] o.s.b.f.s.DefaultListableBeanFactory     : Creating shared instance of singleton bean 'org.springframework.transaction.annotation.ProxyTransactionManagementConfiguration'
2019-09-13 01:22:38.066  INFO 4924 --- [           main] trationDelegate$BeanPostProcessorChecker : Bean 'org.springframework.transaction.annotation.ProxyTransactionManagementConfiguration' of type [org.springframework.transaction.annotation.ProxyTransactionManagementConfiguration] is not eligible for getting processed by all BeanPostProcessors (for example: not eligible for auto-proxying)
2019-09-13 01:22:38.069 DEBUG 4924 --- [           main] o.s.b.f.s.DefaultListableBeanFactory     : Creating shared instance of singleton bean 'transactionAttributeSource'
2019-09-13 01:22:38.073 DEBUG 4924 --- [           main] o.s.b.f.s.DefaultListableBeanFactory     : Creating shared instance of singleton bean 'transactionInterceptor'
2019-09-13 01:22:38.073 DEBUG 4924 --- [           main] o.s.b.f.s.DefaultListableBeanFactory     : Autowiring by type from bean name 'transactionInterceptor' via factory method to bean named 'transactionAttributeSource'
2019-09-13 01:22:38.083 DEBUG 4924 --- [           main] o.s.b.f.s.DefaultListableBeanFactory     : Autowiring by type from bean name 'org.springframework.transaction.config.internalTransactionAdvisor' via factory method to bean named 'transactionAttributeSource'
2019-09-13 01:22:38.083 DEBUG 4924 --- [           main] o.s.b.f.s.DefaultListableBeanFactory     : Autowiring by type from bean name 'org.springframework.transaction.config.internalTransactionAdvisor' via factory method to bean named 'transactionInterceptor'
2019-09-13 01:22:38.101 DEBUG 4924 --- [           main] o.s.u.c.s.UiApplicationContextUtils      : Unable to locate ThemeSource with name 'themeSource': using default [org.springframework.ui.context.support.ResourceBundleThemeSource@673c4f6e]
2019-09-13 01:22:38.102 DEBUG 4924 --- [           main] o.s.b.f.s.DefaultListableBeanFactory     : Creating shared instance of singleton bean 'liquibase'
2019-09-13 01:22:38.102 DEBUG 4924 --- [           main] o.s.b.f.s.DefaultListableBeanFactory     : Creating shared instance of singleton bean 'org.springframework.boot.autoconfigure.liquibase.LiquibaseAutoConfiguration$LiquibaseConfiguration'
2019-09-13 01:22:38.103 DEBUG 4924 --- [           main] o.s.b.f.s.DefaultListableBeanFactory     : Creating shared instance of singleton bean 'spring.liquibase-org.springframework.boot.autoconfigure.liquibase.LiquibaseProperties'
2019-09-13 01:22:38.122 DEBUG 4924 --- [           main] o.s.b.f.s.DefaultListableBeanFactory     : Autowiring by type from bean name 'org.springframework.boot.autoconfigure.liquibase.LiquibaseAutoConfiguration$LiquibaseConfiguration' via constructor to bean named 'spring.liquibase-org.springframework.boot.autoconfigure.liquibase.LiquibaseProperties'
2019-09-13 01:22:38.122 DEBUG 4924 --- [           main] o.s.b.f.s.DefaultListableBeanFactory     : Autowiring by type from bean name 'org.springframework.boot.autoconfigure.liquibase.LiquibaseAutoConfiguration$LiquibaseConfiguration' via constructor to bean named 'org.springframework.web.context.support.GenericWebApplicationContext@38b972d7'
2019-09-13 01:22:38.125 DEBUG 4924 --- [           main] o.s.b.f.s.DefaultListableBeanFactory     : Creating shared instance of singleton bean 'spring.datasource-org.springframework.boot.autoconfigure.jdbc.DataSourceProperties'
2019-09-13 01:22:38.136 DEBUG 4924 --- [           main] o.s.b.f.s.DefaultListableBeanFactory     : Autowiring by type from bean name 'liquibase' via factory method to bean named 'spring.datasource-org.springframework.boot.autoconfigure.jdbc.DataSourceProperties'
2019-09-13 01:22:38.139 DEBUG 4924 --- [           main] o.s.b.f.s.DefaultListableBeanFactory     : Creating shared instance of singleton bean 'dataSource'
2019-09-13 01:22:38.139 DEBUG 4924 --- [           main] o.s.b.f.s.DefaultListableBeanFactory     : Creating shared instance of singleton bean 'org.springframework.boot.autoconfigure.jdbc.DataSourceConfiguration$Hikari'
2019-09-13 01:22:38.141 DEBUG 4924 --- [           main] o.s.b.f.s.DefaultListableBeanFactory     : Autowiring by type from bean name 'dataSource' via factory method to bean named 'spring.datasource-org.springframework.boot.autoconfigure.jdbc.DataSourceProperties'
2019-09-13 01:22:38.150 DEBUG 4924 --- [           main] com.zaxxer.hikari.HikariConfig           : Driver class org.h2.Driver found in Thread context class loader jdk.internal.loader.ClassLoaders$AppClassLoader@4b85612c
2019-09-13 01:22:38.170 DEBUG 4924 --- [           main] o.s.b.f.s.DefaultListableBeanFactory     : Creating shared instance of singleton bean 'org.springframework.boot.autoconfigure.jdbc.DataSourceInitializerInvoker'
2019-09-13 01:22:38.172 DEBUG 4924 --- [           main] o.s.b.f.s.DefaultListableBeanFactory     : Autowiring by type from bean name 'org.springframework.boot.autoconfigure.jdbc.DataSourceInitializerInvoker' via constructor to bean named 'spring.datasource-org.springframework.boot.autoconfigure.jdbc.DataSourceProperties'
2019-09-13 01:22:38.172 DEBUG 4924 --- [           main] o.s.b.f.s.DefaultListableBeanFactory     : Autowiring by type from bean name 'org.springframework.boot.autoconfigure.jdbc.DataSourceInitializerInvoker' via constructor to bean named 'org.springframework.web.context.support.GenericWebApplicationContext@38b972d7'
2019-09-13 01:22:38.192 DEBUG 4924 --- [           main] com.zaxxer.hikari.HikariConfig           : HikariPool-1 - configuration:
2019-09-13 01:22:38.194 DEBUG 4924 --- [           main] com.zaxxer.hikari.HikariConfig           : allowPoolSuspension.............false
2019-09-13 01:22:38.195 DEBUG 4924 --- [           main] com.zaxxer.hikari.HikariConfig           : autoCommit......................true
2019-09-13 01:22:38.195 DEBUG 4924 --- [           main] com.zaxxer.hikari.HikariConfig           : catalog.........................none
2019-09-13 01:22:38.195 DEBUG 4924 --- [           main] com.zaxxer.hikari.HikariConfig           : connectionInitSql...............none
2019-09-13 01:22:38.195 DEBUG 4924 --- [           main] com.zaxxer.hikari.HikariConfig           : connectionTestQuery.............none
2019-09-13 01:22:38.195 DEBUG 4924 --- [           main] com.zaxxer.hikari.HikariConfig           : connectionTimeout...............30000
2019-09-13 01:22:38.195 DEBUG 4924 --- [           main] com.zaxxer.hikari.HikariConfig           : dataSource......................none
2019-09-13 01:22:38.195 DEBUG 4924 --- [           main] com.zaxxer.hikari.HikariConfig           : dataSourceClassName.............none
2019-09-13 01:22:38.195 DEBUG 4924 --- [           main] com.zaxxer.hikari.HikariConfig           : dataSourceJNDI..................none
2019-09-13 01:22:38.196 DEBUG 4924 --- [           main] com.zaxxer.hikari.HikariConfig           : dataSourceProperties............{password=<masked>}
2019-09-13 01:22:38.196 DEBUG 4924 --- [           main] com.zaxxer.hikari.HikariConfig           : driverClassName................."org.h2.Driver"
2019-09-13 01:22:38.196 DEBUG 4924 --- [           main] com.zaxxer.hikari.HikariConfig           : healthCheckProperties...........{}
2019-09-13 01:22:38.196 DEBUG 4924 --- [           main] com.zaxxer.hikari.HikariConfig           : healthCheckRegistry.............none
2019-09-13 01:22:38.196 DEBUG 4924 --- [           main] com.zaxxer.hikari.HikariConfig           : idleTimeout.....................600000
2019-09-13 01:22:38.196 DEBUG 4924 --- [           main] com.zaxxer.hikari.HikariConfig           : initializationFailTimeout.......1
2019-09-13 01:22:38.196 DEBUG 4924 --- [           main] com.zaxxer.hikari.HikariConfig           : isolateInternalQueries..........false
2019-09-13 01:22:38.197 DEBUG 4924 --- [           main] com.zaxxer.hikari.HikariConfig           : jdbcUrl.........................jdbc:h2:mem:test;
2019-09-13 01:22:38.197 DEBUG 4924 --- [           main] com.zaxxer.hikari.HikariConfig           : leakDetectionThreshold..........0
2019-09-13 01:22:38.197 DEBUG 4924 --- [           main] com.zaxxer.hikari.HikariConfig           : maxLifetime.....................1800000
2019-09-13 01:22:38.197 DEBUG 4924 --- [           main] com.zaxxer.hikari.HikariConfig           : maximumPoolSize.................10
2019-09-13 01:22:38.197 DEBUG 4924 --- [           main] com.zaxxer.hikari.HikariConfig           : metricRegistry..................none
2019-09-13 01:22:38.197 DEBUG 4924 --- [           main] com.zaxxer.hikari.HikariConfig           : metricsTrackerFactory...........none
2019-09-13 01:22:38.197 DEBUG 4924 --- [           main] com.zaxxer.hikari.HikariConfig           : minimumIdle.....................10
2019-09-13 01:22:38.197 DEBUG 4924 --- [           main] com.zaxxer.hikari.HikariConfig           : password........................<masked>
2019-09-13 01:22:38.197 DEBUG 4924 --- [           main] com.zaxxer.hikari.HikariConfig           : poolName........................"HikariPool-1"
2019-09-13 01:22:38.197 DEBUG 4924 --- [           main] com.zaxxer.hikari.HikariConfig           : readOnly........................false
2019-09-13 01:22:38.198 DEBUG 4924 --- [           main] com.zaxxer.hikari.HikariConfig           : registerMbeans..................false
2019-09-13 01:22:38.198 DEBUG 4924 --- [           main] com.zaxxer.hikari.HikariConfig           : scheduledExecutor...............none
2019-09-13 01:22:38.198 DEBUG 4924 --- [           main] com.zaxxer.hikari.HikariConfig           : schema..........................none
2019-09-13 01:22:38.198 DEBUG 4924 --- [           main] com.zaxxer.hikari.HikariConfig           : threadFactory...................internal
2019-09-13 01:22:38.198 DEBUG 4924 --- [           main] com.zaxxer.hikari.HikariConfig           : transactionIsolation............default
2019-09-13 01:22:38.198 DEBUG 4924 --- [           main] com.zaxxer.hikari.HikariConfig           : username........................"sa"
2019-09-13 01:22:38.198 DEBUG 4924 --- [           main] com.zaxxer.hikari.HikariConfig           : validationTimeout...............5000
2019-09-13 01:22:38.198  INFO 4924 --- [           main] com.zaxxer.hikari.HikariDataSource       : HikariPool-1 - Starting...
2019-09-13 01:22:38.339 DEBUG 4924 --- [           main] com.zaxxer.hikari.pool.HikariPool        : HikariPool-1 - Added connection conn0: url=jdbc:h2:mem:test user=SA
2019-09-13 01:22:38.340  INFO 4924 --- [           main] com.zaxxer.hikari.HikariDataSource       : HikariPool-1 - Start completed.
2019-09-13 01:22:38.356 DEBUG 4924 --- [           main] l.s.CustomResolverServiceLocator         : ServiceLocator.findClasses for liquibase.database.Database
2019-09-13 01:22:38.356 DEBUG 4924 --- [           main] l.s.CustomResolverServiceLocator         : ServiceLocator finding classes matching interface liquibase.database.Database
2019-09-13 01:22:38.357 DEBUG 4924 --- [           main] o.s.b.l.SpringPackageScanClassResolver   : Searching for implementations of liquibase.database.Database in packages: [liquibase.change, liquibase.command, liquibase.changelog, liquibase.database, liquibase.parser, liquibase.precondition, liquibase.datatype, liquibase.serializer, liquibase.sqlgenerator, liquibase.executor, liquibase.snapshot, liquibase.logging, liquibase.diff, liquibase.structure, liquibase.structurecompare, liquibase.lockservice, liquibase.sdk.database, liquibase.ext]
2019-09-13 01:22:38.423 DEBUG 4924 --- [           main] o.s.b.l.SpringPackageScanClassResolver   : Searching for: is assignable to Database in package: liquibase/change
2019-09-13 01:22:38.431 DEBUG 4924 --- [           main] o.s.b.l.SpringPackageScanClassResolver   : Searching for: is assignable to Database in package: liquibase/command
2019-09-13 01:22:38.441 DEBUG 4924 --- [l-1 housekeeper] com.zaxxer.hikari.pool.HikariPool        : HikariPool-1 - Pool stats (total=1, active=1, idle=0, waiting=0)
2019-09-13 01:22:38.444 DEBUG 4924 --- [onnection adder] com.zaxxer.hikari.pool.HikariPool        : HikariPool-1 - Added connection conn1: url=jdbc:h2:mem:test user=SA
2019-09-13 01:22:38.445 DEBUG 4924 --- [onnection adder] com.zaxxer.hikari.pool.HikariPool        : HikariPool-1 - Added connection conn2: url=jdbc:h2:mem:test user=SA
2019-09-13 01:22:38.446 DEBUG 4924 --- [onnection adder] com.zaxxer.hikari.pool.HikariPool        : HikariPool-1 - Added connection conn3: url=jdbc:h2:mem:test user=SA
2019-09-13 01:22:38.446 DEBUG 4924 --- [onnection adder] com.zaxxer.hikari.pool.HikariPool        : HikariPool-1 - Added connection conn4: url=jdbc:h2:mem:test user=SA
2019-09-13 01:22:38.447 DEBUG 4924 --- [onnection adder] com.zaxxer.hikari.pool.HikariPool        : HikariPool-1 - Added connection conn5: url=jdbc:h2:mem:test user=SA
2019-09-13 01:22:38.447 DEBUG 4924 --- [onnection adder] com.zaxxer.hikari.pool.HikariPool        : HikariPool-1 - Added connection conn6: url=jdbc:h2:mem:test user=SA
2019-09-13 01:22:38.448 DEBUG 4924 --- [onnection adder] com.zaxxer.hikari.pool.HikariPool        : HikariPool-1 - Added connection conn7: url=jdbc:h2:mem:test user=SA
2019-09-13 01:22:38.449 DEBUG 4924 --- [onnection adder] com.zaxxer.hikari.pool.HikariPool        : HikariPool-1 - Added connection conn8: url=jdbc:h2:mem:test user=SA
2019-09-13 01:22:38.450 DEBUG 4924 --- [onnection adder] com.zaxxer.hikari.pool.HikariPool        : HikariPool-1 - Added connection conn9: url=jdbc:h2:mem:test user=SA
2019-09-13 01:22:38.450 DEBUG 4924 --- [onnection adder] com.zaxxer.hikari.pool.HikariPool        : HikariPool-1 - After adding stats (total=10, active=1, idle=9, waiting=0)
2019-09-13 01:22:38.472 DEBUG 4924 --- [           main] o.s.b.l.SpringPackageScanClassResolver   : Searching for: is assignable to Database in package: liquibase/changelog
2019-09-13 01:22:38.503 DEBUG 4924 --- [           main] o.s.b.l.SpringPackageScanClassResolver   : Searching for: is assignable to Database in package: liquibase/database
2019-09-13 01:22:38.520 DEBUG 4924 --- [           main] o.s.b.l.SpringPackageScanClassResolver   : Searching for: is assignable to Database in package: liquibase/parser
2019-09-13 01:22:38.536 DEBUG 4924 --- [           main] o.s.b.l.SpringPackageScanClassResolver   : Searching for: is assignable to Database in package: liquibase/precondition
2019-09-13 01:22:38.552 DEBUG 4924 --- [           main] o.s.b.l.SpringPackageScanClassResolver   : Searching for: is assignable to Database in package: liquibase/datatype
2019-09-13 01:22:38.576 DEBUG 4924 --- [           main] o.s.b.l.SpringPackageScanClassResolver   : Searching for: is assignable to Database in package: liquibase/serializer
2019-09-13 01:22:38.628 DEBUG 4924 --- [           main] o.s.b.l.SpringPackageScanClassResolver   : Searching for: is assignable to Database in package: liquibase/sqlgenerator
2019-09-13 01:22:38.641 DEBUG 4924 --- [           main] o.s.b.l.SpringPackageScanClassResolver   : Searching for: is assignable to Database in package: liquibase/executor
2019-09-13 01:22:38.667 DEBUG 4924 --- [           main] o.s.b.l.SpringPackageScanClassResolver   : Searching for: is assignable to Database in package: liquibase/snapshot
2019-09-13 01:22:38.673 DEBUG 4924 --- [           main] o.s.b.l.SpringPackageScanClassResolver   : Searching for: is assignable to Database in package: liquibase/logging
2019-09-13 01:22:38.724 DEBUG 4924 --- [           main] o.s.b.l.SpringPackageScanClassResolver   : Searching for: is assignable to Database in package: liquibase/diff
2019-09-13 01:22:38.741 DEBUG 4924 --- [           main] o.s.b.l.SpringPackageScanClassResolver   : Searching for: is assignable to Database in package: liquibase/structure
2019-09-13 01:22:38.742 DEBUG 4924 --- [           main] o.s.b.l.SpringPackageScanClassResolver   : Searching for: is assignable to Database in package: liquibase/structurecompare
2019-09-13 01:22:38.742 DEBUG 4924 --- [           main] o.s.b.l.SpringPackageScanClassResolver   : No classes found in package: liquibase/structurecompare
2019-09-13 01:22:38.747 DEBUG 4924 --- [           main] o.s.b.l.SpringPackageScanClassResolver   : Searching for: is assignable to Database in package: liquibase/lockservice
2019-09-13 01:22:38.750 DEBUG 4924 --- [           main] o.s.b.l.SpringPackageScanClassResolver   : Searching for: is assignable to Database in package: liquibase/sdk/database
2019-09-13 01:22:38.750 DEBUG 4924 --- [           main] o.s.b.l.SpringPackageScanClassResolver   : Searching for: is assignable to Database in package: liquibase/ext
2019-09-13 01:22:38.750 DEBUG 4924 --- [           main] o.s.b.l.SpringPackageScanClassResolver   : No classes found in package: liquibase/ext
2019-09-13 01:22:38.750 DEBUG 4924 --- [           main] o.s.b.l.SpringPackageScanClassResolver   : Found: [class liquibase.database.core.SybaseASADatabase, class liquibase.database.core.MySQLDatabase, class liquibase.database.core.Ingres9Database, class liquibase.database.core.UnsupportedDatabase, class liquibase.database.core.SybaseDatabase, class liquibase.database.core.AbstractDb2Database, class liquibase.database.core.DerbyDatabase, class liquibase.database.core.OracleDatabase, class liquibase.database.core.FirebirdDatabase, class liquibase.database.core.Firebird3Database, class liquibase.database.core.SQLiteDatabase, class liquibase.database.core.DB2Database, class liquibase.database.AbstractJdbcDatabase, class liquibase.database.core.MariaDBDatabase, class liquibase.database.core.MSSQLDatabase, class liquibase.database.core.PostgresDatabase, class liquibase.database.core.H2Database, class liquibase.database.core.HsqlDatabase, class liquibase.database.core.InformixDatabase, class liquibase.database.core.Db2zDatabase, interface liquibase.database.Database, class liquibase.diff.output.DiffOutputControl$DatabaseForHash, class liquibase.sdk.database.MockDatabase]
2019-09-13 01:22:38.753 DEBUG 4924 --- [           main] l.s.CustomResolverServiceLocator         : liquibase.database.core.SybaseASADatabase matches liquibase.database.Database
2019-09-13 01:22:38.753 DEBUG 4924 --- [           main] l.s.CustomResolverServiceLocator         : liquibase.database.core.MySQLDatabase matches liquibase.database.Database
2019-09-13 01:22:38.753 DEBUG 4924 --- [           main] l.s.CustomResolverServiceLocator         : liquibase.database.core.Ingres9Database matches liquibase.database.Database
2019-09-13 01:22:38.753 DEBUG 4924 --- [           main] l.s.CustomResolverServiceLocator         : liquibase.database.core.UnsupportedDatabase matches liquibase.database.Database
2019-09-13 01:22:38.754 DEBUG 4924 --- [           main] l.s.CustomResolverServiceLocator         : liquibase.database.core.SybaseDatabase matches liquibase.database.Database
2019-09-13 01:22:38.754 DEBUG 4924 --- [           main] l.s.CustomResolverServiceLocator         : liquibase.database.core.DerbyDatabase matches liquibase.database.Database
2019-09-13 01:22:38.754 DEBUG 4924 --- [           main] l.s.CustomResolverServiceLocator         : liquibase.database.core.OracleDatabase matches liquibase.database.Database
2019-09-13 01:22:38.755 DEBUG 4924 --- [           main] l.s.CustomResolverServiceLocator         : liquibase.database.core.FirebirdDatabase matches liquibase.database.Database
2019-09-13 01:22:38.755 DEBUG 4924 --- [           main] l.s.CustomResolverServiceLocator         : liquibase.database.core.Firebird3Database matches liquibase.database.Database
2019-09-13 01:22:38.755 DEBUG 4924 --- [           main] l.s.CustomResolverServiceLocator         : liquibase.database.core.SQLiteDatabase matches liquibase.database.Database
2019-09-13 01:22:38.755 DEBUG 4924 --- [           main] l.s.CustomResolverServiceLocator         : liquibase.database.core.DB2Database matches liquibase.database.Database
2019-09-13 01:22:38.756 DEBUG 4924 --- [           main] l.s.CustomResolverServiceLocator         : liquibase.database.core.MariaDBDatabase matches liquibase.database.Database
2019-09-13 01:22:38.756 DEBUG 4924 --- [           main] l.s.CustomResolverServiceLocator         : liquibase.database.core.MSSQLDatabase matches liquibase.database.Database
2019-09-13 01:22:38.756 DEBUG 4924 --- [           main] l.s.CustomResolverServiceLocator         : liquibase.database.core.PostgresDatabase matches liquibase.database.Database
2019-09-13 01:22:38.757 DEBUG 4924 --- [           main] l.s.CustomResolverServiceLocator         : liquibase.database.core.H2Database matches liquibase.database.Database
2019-09-13 01:22:38.757 DEBUG 4924 --- [           main] l.s.CustomResolverServiceLocator         : liquibase.database.core.HsqlDatabase matches liquibase.database.Database
2019-09-13 01:22:38.757 DEBUG 4924 --- [           main] l.s.CustomResolverServiceLocator         : liquibase.database.core.InformixDatabase matches liquibase.database.Database
2019-09-13 01:22:38.758 DEBUG 4924 --- [           main] l.s.CustomResolverServiceLocator         : liquibase.database.core.Db2zDatabase matches liquibase.database.Database
2019-09-13 01:22:38.758 DEBUG 4924 --- [           main] l.s.CustomResolverServiceLocator         : liquibase.sdk.database.MockDatabase matches liquibase.database.Database
2019-09-13 01:22:38.786 DEBUG 4924 --- [           main] liquibase.database.core.H2Database       : Connected to SA@jdbc:h2:mem:test
2019-09-13 01:22:38.786 DEBUG 4924 --- [           main] liquibase.database.core.H2Database       : Setting auto commit to false from true
2019-09-13 01:22:38.789 DEBUG 4924 --- [           main] l.s.CustomResolverServiceLocator         : ServiceLocator.findClasses for liquibase.lockservice.LockService
2019-09-13 01:22:38.790 DEBUG 4924 --- [           main] l.s.CustomResolverServiceLocator         : ServiceLocator finding classes matching interface liquibase.lockservice.LockService
2019-09-13 01:22:38.790 DEBUG 4924 --- [           main] o.s.b.l.SpringPackageScanClassResolver   : Searching for implementations of liquibase.lockservice.LockService in packages: [liquibase.change, liquibase.command, liquibase.changelog, liquibase.database, liquibase.parser, liquibase.precondition, liquibase.datatype, liquibase.serializer, liquibase.sqlgenerator, liquibase.executor, liquibase.snapshot, liquibase.logging, liquibase.diff, liquibase.structure, liquibase.structurecompare, liquibase.lockservice, liquibase.sdk.database, liquibase.ext]
2019-09-13 01:22:38.790 DEBUG 4924 --- [           main] o.s.b.l.SpringPackageScanClassResolver   : Searching for: is assignable to LockService in package: liquibase/change
2019-09-13 01:22:38.790 DEBUG 4924 --- [           main] o.s.b.l.SpringPackageScanClassResolver   : Searching for: is assignable to LockService in package: liquibase/command
2019-09-13 01:22:38.790 DEBUG 4924 --- [           main] o.s.b.l.SpringPackageScanClassResolver   : Searching for: is assignable to LockService in package: liquibase/changelog
2019-09-13 01:22:38.790 DEBUG 4924 --- [           main] o.s.b.l.SpringPackageScanClassResolver   : Searching for: is assignable to LockService in package: liquibase/database
2019-09-13 01:22:38.790 DEBUG 4924 --- [           main] o.s.b.l.SpringPackageScanClassResolver   : Searching for: is assignable to LockService in package: liquibase/parser
2019-09-13 01:22:38.790 DEBUG 4924 --- [           main] o.s.b.l.SpringPackageScanClassResolver   : Searching for: is assignable to LockService in package: liquibase/precondition
2019-09-13 01:22:38.790 DEBUG 4924 --- [           main] o.s.b.l.SpringPackageScanClassResolver   : Searching for: is assignable to LockService in package: liquibase/datatype
2019-09-13 01:22:38.790 DEBUG 4924 --- [           main] o.s.b.l.SpringPackageScanClassResolver   : Searching for: is assignable to LockService in package: liquibase/serializer
2019-09-13 01:22:38.790 DEBUG 4924 --- [           main] o.s.b.l.SpringPackageScanClassResolver   : Searching for: is assignable to LockService in package: liquibase/sqlgenerator
2019-09-13 01:22:38.791 DEBUG 4924 --- [           main] o.s.b.l.SpringPackageScanClassResolver   : Searching for: is assignable to LockService in package: liquibase/executor
2019-09-13 01:22:38.791 DEBUG 4924 --- [           main] o.s.b.l.SpringPackageScanClassResolver   : Searching for: is assignable to LockService in package: liquibase/snapshot
2019-09-13 01:22:38.791 DEBUG 4924 --- [           main] o.s.b.l.SpringPackageScanClassResolver   : Searching for: is assignable to LockService in package: liquibase/logging
2019-09-13 01:22:38.791 DEBUG 4924 --- [           main] o.s.b.l.SpringPackageScanClassResolver   : Searching for: is assignable to LockService in package: liquibase/diff
2019-09-13 01:22:38.791 DEBUG 4924 --- [           main] o.s.b.l.SpringPackageScanClassResolver   : Searching for: is assignable to LockService in package: liquibase/structure
2019-09-13 01:22:38.791 DEBUG 4924 --- [           main] o.s.b.l.SpringPackageScanClassResolver   : Searching for: is assignable to LockService in package: liquibase/structurecompare
2019-09-13 01:22:38.791 DEBUG 4924 --- [           main] o.s.b.l.SpringPackageScanClassResolver   : No classes found in package: liquibase/structurecompare
2019-09-13 01:22:38.791 DEBUG 4924 --- [           main] o.s.b.l.SpringPackageScanClassResolver   : Searching for: is assignable to LockService in package: liquibase/lockservice
2019-09-13 01:22:38.791 DEBUG 4924 --- [           main] o.s.b.l.SpringPackageScanClassResolver   : Searching for: is assignable to LockService in package: liquibase/sdk/database
2019-09-13 01:22:38.791 DEBUG 4924 --- [           main] o.s.b.l.SpringPackageScanClassResolver   : Searching for: is assignable to LockService in package: liquibase/ext
2019-09-13 01:22:38.791 DEBUG 4924 --- [           main] o.s.b.l.SpringPackageScanClassResolver   : No classes found in package: liquibase/ext
2019-09-13 01:22:38.791 DEBUG 4924 --- [           main] o.s.b.l.SpringPackageScanClassResolver   : Found: [class liquibase.lockservice.LockServiceImpl, class liquibase.lockservice.OfflineLockService, class liquibase.lockservice.StandardLockService, interface liquibase.lockservice.LockService]
2019-09-13 01:22:38.792 DEBUG 4924 --- [           main] l.s.CustomResolverServiceLocator         : liquibase.lockservice.LockServiceImpl matches liquibase.lockservice.LockService
2019-09-13 01:22:38.792 DEBUG 4924 --- [           main] l.s.CustomResolverServiceLocator         : liquibase.lockservice.OfflineLockService matches liquibase.lockservice.LockService
2019-09-13 01:22:38.792 DEBUG 4924 --- [           main] l.s.CustomResolverServiceLocator         : liquibase.lockservice.StandardLockService matches liquibase.lockservice.LockService
2019-09-13 01:22:38.801 DEBUG 4924 --- [           main] l.s.CustomResolverServiceLocator         : ServiceLocator.findClasses for liquibase.executor.Executor
2019-09-13 01:22:38.801 DEBUG 4924 --- [           main] l.s.CustomResolverServiceLocator         : ServiceLocator finding classes matching interface liquibase.executor.Executor
2019-09-13 01:22:38.801 DEBUG 4924 --- [           main] o.s.b.l.SpringPackageScanClassResolver   : Searching for implementations of liquibase.executor.Executor in packages: [liquibase.change, liquibase.command, liquibase.changelog, liquibase.database, liquibase.parser, liquibase.precondition, liquibase.datatype, liquibase.serializer, liquibase.sqlgenerator, liquibase.executor, liquibase.snapshot, liquibase.logging, liquibase.diff, liquibase.structure, liquibase.structurecompare, liquibase.lockservice, liquibase.sdk.database, liquibase.ext]
2019-09-13 01:22:38.801 DEBUG 4924 --- [           main] o.s.b.l.SpringPackageScanClassResolver   : Searching for: is assignable to Executor in package: liquibase/change
2019-09-13 01:22:38.801 DEBUG 4924 --- [           main] o.s.b.l.SpringPackageScanClassResolver   : Searching for: is assignable to Executor in package: liquibase/command
2019-09-13 01:22:38.801 DEBUG 4924 --- [           main] o.s.b.l.SpringPackageScanClassResolver   : Searching for: is assignable to Executor in package: liquibase/changelog
2019-09-13 01:22:38.802 DEBUG 4924 --- [           main] o.s.b.l.SpringPackageScanClassResolver   : Searching for: is assignable to Executor in package: liquibase/database
2019-09-13 01:22:38.802 DEBUG 4924 --- [           main] o.s.b.l.SpringPackageScanClassResolver   : Searching for: is assignable to Executor in package: liquibase/parser
2019-09-13 01:22:38.802 DEBUG 4924 --- [           main] o.s.b.l.SpringPackageScanClassResolver   : Searching for: is assignable to Executor in package: liquibase/precondition
2019-09-13 01:22:38.802 DEBUG 4924 --- [           main] o.s.b.l.SpringPackageScanClassResolver   : Searching for: is assignable to Executor in package: liquibase/datatype
2019-09-13 01:22:38.802 DEBUG 4924 --- [           main] o.s.b.l.SpringPackageScanClassResolver   : Searching for: is assignable to Executor in package: liquibase/serializer
2019-09-13 01:22:38.802 DEBUG 4924 --- [           main] o.s.b.l.SpringPackageScanClassResolver   : Searching for: is assignable to Executor in package: liquibase/sqlgenerator
2019-09-13 01:22:38.802 DEBUG 4924 --- [           main] o.s.b.l.SpringPackageScanClassResolver   : Searching for: is assignable to Executor in package: liquibase/executor
2019-09-13 01:22:38.802 DEBUG 4924 --- [           main] o.s.b.l.SpringPackageScanClassResolver   : Searching for: is assignable to Executor in package: liquibase/snapshot
2019-09-13 01:22:38.802 DEBUG 4924 --- [           main] o.s.b.l.SpringPackageScanClassResolver   : Searching for: is assignable to Executor in package: liquibase/logging
2019-09-13 01:22:38.802 DEBUG 4924 --- [           main] o.s.b.l.SpringPackageScanClassResolver   : Searching for: is assignable to Executor in package: liquibase/diff
2019-09-13 01:22:38.803 DEBUG 4924 --- [           main] o.s.b.l.SpringPackageScanClassResolver   : Searching for: is assignable to Executor in package: liquibase/structure
2019-09-13 01:22:38.803 DEBUG 4924 --- [           main] o.s.b.l.SpringPackageScanClassResolver   : Searching for: is assignable to Executor in package: liquibase/structurecompare
2019-09-13 01:22:38.803 DEBUG 4924 --- [           main] o.s.b.l.SpringPackageScanClassResolver   : No classes found in package: liquibase/structurecompare
2019-09-13 01:22:38.803 DEBUG 4924 --- [           main] o.s.b.l.SpringPackageScanClassResolver   : Searching for: is assignable to Executor in package: liquibase/lockservice
2019-09-13 01:22:38.803 DEBUG 4924 --- [           main] o.s.b.l.SpringPackageScanClassResolver   : Searching for: is assignable to Executor in package: liquibase/sdk/database
2019-09-13 01:22:38.803 DEBUG 4924 --- [           main] o.s.b.l.SpringPackageScanClassResolver   : Searching for: is assignable to Executor in package: liquibase/ext
2019-09-13 01:22:38.803 DEBUG 4924 --- [           main] o.s.b.l.SpringPackageScanClassResolver   : No classes found in package: liquibase/ext
2019-09-13 01:22:38.803 DEBUG 4924 --- [           main] o.s.b.l.SpringPackageScanClassResolver   : Found: [class liquibase.executor.AbstractExecutor, class liquibase.executor.jvm.JdbcExecutor, interface liquibase.executor.Executor, class liquibase.executor.LoggingExecutor]
2019-09-13 01:22:38.804 DEBUG 4924 --- [           main] l.s.CustomResolverServiceLocator         : liquibase.executor.jvm.JdbcExecutor matches liquibase.executor.Executor
2019-09-13 01:22:38.807 DEBUG 4924 --- [           main] l.s.CustomResolverServiceLocator         : ServiceLocator.findClasses for liquibase.snapshot.SnapshotGenerator
2019-09-13 01:22:38.807 DEBUG 4924 --- [           main] l.s.CustomResolverServiceLocator         : ServiceLocator finding classes matching interface liquibase.snapshot.SnapshotGenerator
2019-09-13 01:22:38.807 DEBUG 4924 --- [           main] o.s.b.l.SpringPackageScanClassResolver   : Searching for implementations of liquibase.snapshot.SnapshotGenerator in packages: [liquibase.change, liquibase.command, liquibase.changelog, liquibase.database, liquibase.parser, liquibase.precondition, liquibase.datatype, liquibase.serializer, liquibase.sqlgenerator, liquibase.executor, liquibase.snapshot, liquibase.logging, liquibase.diff, liquibase.structure, liquibase.structurecompare, liquibase.lockservice, liquibase.sdk.database, liquibase.ext]
2019-09-13 01:22:38.808 DEBUG 4924 --- [           main] o.s.b.l.SpringPackageScanClassResolver   : Searching for: is assignable to SnapshotGenerator in package: liquibase/change
2019-09-13 01:22:38.808 DEBUG 4924 --- [           main] o.s.b.l.SpringPackageScanClassResolver   : Searching for: is assignable to SnapshotGenerator in package: liquibase/command
2019-09-13 01:22:38.808 DEBUG 4924 --- [           main] o.s.b.l.SpringPackageScanClassResolver   : Searching for: is assignable to SnapshotGenerator in package: liquibase/changelog
2019-09-13 01:22:38.808 DEBUG 4924 --- [           main] o.s.b.l.SpringPackageScanClassResolver   : Searching for: is assignable to SnapshotGenerator in package: liquibase/database
2019-09-13 01:22:38.808 DEBUG 4924 --- [           main] o.s.b.l.SpringPackageScanClassResolver   : Searching for: is assignable to SnapshotGenerator in package: liquibase/parser
2019-09-13 01:22:38.808 DEBUG 4924 --- [           main] o.s.b.l.SpringPackageScanClassResolver   : Searching for: is assignable to SnapshotGenerator in package: liquibase/precondition
2019-09-13 01:22:38.808 DEBUG 4924 --- [           main] o.s.b.l.SpringPackageScanClassResolver   : Searching for: is assignable to SnapshotGenerator in package: liquibase/datatype
2019-09-13 01:22:38.808 DEBUG 4924 --- [           main] o.s.b.l.SpringPackageScanClassResolver   : Searching for: is assignable to SnapshotGenerator in package: liquibase/serializer
2019-09-13 01:22:38.808 DEBUG 4924 --- [           main] o.s.b.l.SpringPackageScanClassResolver   : Searching for: is assignable to SnapshotGenerator in package: liquibase/sqlgenerator
2019-09-13 01:22:38.808 DEBUG 4924 --- [           main] o.s.b.l.SpringPackageScanClassResolver   : Searching for: is assignable to SnapshotGenerator in package: liquibase/executor
2019-09-13 01:22:38.808 DEBUG 4924 --- [           main] o.s.b.l.SpringPackageScanClassResolver   : Searching for: is assignable to SnapshotGenerator in package: liquibase/snapshot
2019-09-13 01:22:38.808 DEBUG 4924 --- [           main] o.s.b.l.SpringPackageScanClassResolver   : Searching for: is assignable to SnapshotGenerator in package: liquibase/logging
2019-09-13 01:22:38.808 DEBUG 4924 --- [           main] o.s.b.l.SpringPackageScanClassResolver   : Searching for: is assignable to SnapshotGenerator in package: liquibase/diff
2019-09-13 01:22:38.808 DEBUG 4924 --- [           main] o.s.b.l.SpringPackageScanClassResolver   : Searching for: is assignable to SnapshotGenerator in package: liquibase/structure
2019-09-13 01:22:38.809 DEBUG 4924 --- [           main] o.s.b.l.SpringPackageScanClassResolver   : Searching for: is assignable to SnapshotGenerator in package: liquibase/structurecompare
2019-09-13 01:22:38.809 DEBUG 4924 --- [           main] o.s.b.l.SpringPackageScanClassResolver   : No classes found in package: liquibase/structurecompare
2019-09-13 01:22:38.809 DEBUG 4924 --- [           main] o.s.b.l.SpringPackageScanClassResolver   : Searching for: is assignable to SnapshotGenerator in package: liquibase/lockservice
2019-09-13 01:22:38.809 DEBUG 4924 --- [           main] o.s.b.l.SpringPackageScanClassResolver   : Searching for: is assignable to SnapshotGenerator in package: liquibase/sdk/database
2019-09-13 01:22:38.809 DEBUG 4924 --- [           main] o.s.b.l.SpringPackageScanClassResolver   : Searching for: is assignable to SnapshotGenerator in package: liquibase/ext
2019-09-13 01:22:38.809 DEBUG 4924 --- [           main] o.s.b.l.SpringPackageScanClassResolver   : No classes found in package: liquibase/ext
2019-09-13 01:22:38.809 DEBUG 4924 --- [           main] o.s.b.l.SpringPackageScanClassResolver   : Found: [class liquibase.snapshot.jvm.ViewSnapshotGenerator, class liquibase.snapshot.jvm.ColumnSnapshotGenerator, class liquibase.snapshot.jvm.ForeignKeySnapshotGenerator, class liquibase.snapshot.jvm.ColumnSnapshotGeneratorPostgres, class liquibase.snapshot.jvm.SequenceSnapshotGenerator, class liquibase.snapshot.jvm.ColumnSnapshotGeneratorOracle, class liquibase.snapshot.jvm.PrimaryKeySnapshotGenerator, class liquibase.snapshot.jvm.IndexSnapshotGenerator, class liquibase.snapshot.jvm.UniqueConstraintSnapshotGenerator, class liquibase.snapshot.jvm.CatalogSnapshotGenerator, class liquibase.snapshot.jvm.JdbcSnapshotGenerator, class liquibase.snapshot.jvm.DataSnapshotGenerator, class liquibase.snapshot.jvm.ColumnSnapshotGeneratorH2, class liquibase.snapshot.jvm.ColumnSnapshotGeneratorInformix, class liquibase.snapshot.jvm.SchemaSnapshotGenerator, interface liquibase.snapshot.SnapshotGenerator, class liquibase.snapshot.jvm.TableSnapshotGenerator]
2019-09-13 01:22:38.809 DEBUG 4924 --- [           main] l.s.CustomResolverServiceLocator         : liquibase.snapshot.jvm.ViewSnapshotGenerator matches liquibase.snapshot.SnapshotGenerator
2019-09-13 01:22:38.810 DEBUG 4924 --- [           main] l.s.CustomResolverServiceLocator         : liquibase.snapshot.jvm.ColumnSnapshotGenerator matches liquibase.snapshot.SnapshotGenerator
2019-09-13 01:22:38.811 DEBUG 4924 --- [           main] l.s.CustomResolverServiceLocator         : liquibase.snapshot.jvm.ForeignKeySnapshotGenerator matches liquibase.snapshot.SnapshotGenerator
2019-09-13 01:22:38.811 DEBUG 4924 --- [           main] l.s.CustomResolverServiceLocator         : liquibase.snapshot.jvm.ColumnSnapshotGeneratorPostgres matches liquibase.snapshot.SnapshotGenerator
2019-09-13 01:22:38.812 DEBUG 4924 --- [           main] l.s.CustomResolverServiceLocator         : liquibase.snapshot.jvm.SequenceSnapshotGenerator matches liquibase.snapshot.SnapshotGenerator
2019-09-13 01:22:38.812 DEBUG 4924 --- [           main] l.s.CustomResolverServiceLocator         : liquibase.snapshot.jvm.ColumnSnapshotGeneratorOracle matches liquibase.snapshot.SnapshotGenerator
2019-09-13 01:22:38.812 DEBUG 4924 --- [           main] l.s.CustomResolverServiceLocator         : liquibase.snapshot.jvm.PrimaryKeySnapshotGenerator matches liquibase.snapshot.SnapshotGenerator
2019-09-13 01:22:38.812 DEBUG 4924 --- [           main] l.s.CustomResolverServiceLocator         : liquibase.snapshot.jvm.IndexSnapshotGenerator matches liquibase.snapshot.SnapshotGenerator
2019-09-13 01:22:38.813 DEBUG 4924 --- [           main] l.s.CustomResolverServiceLocator         : liquibase.snapshot.jvm.UniqueConstraintSnapshotGenerator matches liquibase.snapshot.SnapshotGenerator
2019-09-13 01:22:38.813 DEBUG 4924 --- [           main] l.s.CustomResolverServiceLocator         : liquibase.snapshot.jvm.CatalogSnapshotGenerator matches liquibase.snapshot.SnapshotGenerator
2019-09-13 01:22:38.813 DEBUG 4924 --- [           main] l.s.CustomResolverServiceLocator         : liquibase.snapshot.jvm.DataSnapshotGenerator matches liquibase.snapshot.SnapshotGenerator
2019-09-13 01:22:38.813 DEBUG 4924 --- [           main] l.s.CustomResolverServiceLocator         : liquibase.snapshot.jvm.ColumnSnapshotGeneratorH2 matches liquibase.snapshot.SnapshotGenerator
2019-09-13 01:22:38.813 DEBUG 4924 --- [           main] l.s.CustomResolverServiceLocator         : liquibase.snapshot.jvm.ColumnSnapshotGeneratorInformix matches liquibase.snapshot.SnapshotGenerator
2019-09-13 01:22:38.814 DEBUG 4924 --- [           main] l.s.CustomResolverServiceLocator         : liquibase.snapshot.jvm.SchemaSnapshotGenerator matches liquibase.snapshot.SnapshotGenerator
2019-09-13 01:22:38.814 DEBUG 4924 --- [           main] l.s.CustomResolverServiceLocator         : liquibase.snapshot.jvm.TableSnapshotGenerator matches liquibase.snapshot.SnapshotGenerator
2019-09-13 01:22:38.818 DEBUG 4924 --- [           main] l.s.CustomResolverServiceLocator         : ServiceLocator.findClasses for liquibase.sqlgenerator.SqlGenerator
2019-09-13 01:22:38.818 DEBUG 4924 --- [           main] l.s.CustomResolverServiceLocator         : ServiceLocator finding classes matching interface liquibase.sqlgenerator.SqlGenerator
2019-09-13 01:22:38.818 DEBUG 4924 --- [           main] o.s.b.l.SpringPackageScanClassResolver   : Searching for implementations of liquibase.sqlgenerator.SqlGenerator in packages: [liquibase.change, liquibase.command, liquibase.changelog, liquibase.database, liquibase.parser, liquibase.precondition, liquibase.datatype, liquibase.serializer, liquibase.sqlgenerator, liquibase.executor, liquibase.snapshot, liquibase.logging, liquibase.diff, liquibase.structure, liquibase.structurecompare, liquibase.lockservice, liquibase.sdk.database, liquibase.ext]
2019-09-13 01:22:38.818 DEBUG 4924 --- [           main] o.s.b.l.SpringPackageScanClassResolver   : Searching for: is assignable to SqlGenerator in package: liquibase/change
2019-09-13 01:22:38.818 DEBUG 4924 --- [           main] o.s.b.l.SpringPackageScanClassResolver   : Searching for: is assignable to SqlGenerator in package: liquibase/command
2019-09-13 01:22:38.818 DEBUG 4924 --- [           main] o.s.b.l.SpringPackageScanClassResolver   : Searching for: is assignable to SqlGenerator in package: liquibase/changelog
2019-09-13 01:22:38.818 DEBUG 4924 --- [           main] o.s.b.l.SpringPackageScanClassResolver   : Searching for: is assignable to SqlGenerator in package: liquibase/database
2019-09-13 01:22:38.818 DEBUG 4924 --- [           main] o.s.b.l.SpringPackageScanClassResolver   : Searching for: is assignable to SqlGenerator in package: liquibase/parser
2019-09-13 01:22:38.818 DEBUG 4924 --- [           main] o.s.b.l.SpringPackageScanClassResolver   : Searching for: is assignable to SqlGenerator in package: liquibase/precondition
2019-09-13 01:22:38.818 DEBUG 4924 --- [           main] o.s.b.l.SpringPackageScanClassResolver   : Searching for: is assignable to SqlGenerator in package: liquibase/datatype
2019-09-13 01:22:38.818 DEBUG 4924 --- [           main] o.s.b.l.SpringPackageScanClassResolver   : Searching for: is assignable to SqlGenerator in package: liquibase/serializer
2019-09-13 01:22:38.819 DEBUG 4924 --- [           main] o.s.b.l.SpringPackageScanClassResolver   : Searching for: is assignable to SqlGenerator in package: liquibase/sqlgenerator
2019-09-13 01:22:38.819 DEBUG 4924 --- [           main] o.s.b.l.SpringPackageScanClassResolver   : Searching for: is assignable to SqlGenerator in package: liquibase/executor
2019-09-13 01:22:38.819 DEBUG 4924 --- [           main] o.s.b.l.SpringPackageScanClassResolver   : Searching for: is assignable to SqlGenerator in package: liquibase/snapshot
2019-09-13 01:22:38.819 DEBUG 4924 --- [           main] o.s.b.l.SpringPackageScanClassResolver   : Searching for: is assignable to SqlGenerator in package: liquibase/logging
2019-09-13 01:22:38.819 DEBUG 4924 --- [           main] o.s.b.l.SpringPackageScanClassResolver   : Searching for: is assignable to SqlGenerator in package: liquibase/diff
2019-09-13 01:22:38.819 DEBUG 4924 --- [           main] o.s.b.l.SpringPackageScanClassResolver   : Searching for: is assignable to SqlGenerator in package: liquibase/structure
2019-09-13 01:22:38.819 DEBUG 4924 --- [           main] o.s.b.l.SpringPackageScanClassResolver   : Searching for: is assignable to SqlGenerator in package: liquibase/structurecompare
2019-09-13 01:22:38.819 DEBUG 4924 --- [           main] o.s.b.l.SpringPackageScanClassResolver   : No classes found in package: liquibase/structurecompare
2019-09-13 01:22:38.819 DEBUG 4924 --- [           main] o.s.b.l.SpringPackageScanClassResolver   : Searching for: is assignable to SqlGenerator in package: liquibase/lockservice
2019-09-13 01:22:38.819 DEBUG 4924 --- [           main] o.s.b.l.SpringPackageScanClassResolver   : Searching for: is assignable to SqlGenerator in package: liquibase/sdk/database
2019-09-13 01:22:38.819 DEBUG 4924 --- [           main] o.s.b.l.SpringPackageScanClassResolver   : Searching for: is assignable to SqlGenerator in package: liquibase/ext
2019-09-13 01:22:38.819 DEBUG 4924 --- [           main] o.s.b.l.SpringPackageScanClassResolver   : No classes found in package: liquibase/ext
2019-09-13 01:22:38.820 DEBUG 4924 --- [           main] o.s.b.l.SpringPackageScanClassResolver   : Found: [class liquibase.sqlgenerator.core.AddColumnGeneratorDefaultClauseBeforeNotNull, class liquibase.sqlgenerator.core.InitializeDatabaseChangeLogLockTableGenerator, class liquibase.sqlgenerator.core.TableRowCountGenerator, class liquibase.sqlgenerator.core.AddColumnGenerator, class liquibase.sqlgenerator.core.AddDefaultValueGeneratorSQLite, class liquibase.sqlgenerator.core.DropDefaultValueGenerator, class liquibase.sqlgenerator.core.ClearDatabaseChangeLogTableGenerator, class liquibase.sqlgenerator.core.CreateViewGenerator, class liquibase.sqlgenerator.core.AddDefaultValueGeneratorOracle, class liquibase.sqlgenerator.core.AddDefaultValueGeneratorMySQL, class liquibase.sqlgenerator.core.RenameColumnGenerator, class liquibase.sqlgenerator.core.InsertOrUpdateGeneratorMySQL, class liquibase.sqlgenerator.core.UpdateGenerator, class liquibase.sqlgenerator.core.AddDefaultValueGeneratorMSSQL, class liquibase.sqlgenerator.core.DropIndexGenerator, interface liquibase.sqlgenerator.SqlGenerator, class liquibase.sqlgenerator.core.RuntimeGenerator, class liquibase.sqlgenerator.core.InsertSetGenerator, class liquibase.sqlgenerator.core.InsertOrUpdateGeneratorInformix, class liquibase.sqlgenerator.core.InsertOrUpdateGeneratorHsql, class liquibase.sqlgenerator.core.DropSequenceGenerator, class liquibase.sqlgenerator.core.InsertOrUpdateGeneratorSybaseASA, class liquibase.sqlgenerator.core.UnlockDatabaseChangeLogGenerator, class liquibase.sqlgenerator.core.InsertOrUpdateGenerator, class liquibase.sqlgenerator.core.AddDefaultValueGeneratorSybaseASA, class liquibase.sqlgenerator.core.InsertDataChangeGenerator, class liquibase.sqlgenerator.core.AddUniqueConstraintGeneratorTDS, class liquibase.sqlgenerator.core.AddAutoIncrementGeneratorSQLite, class liquibase.sqlgenerator.core.CreateIndexGeneratorFirebird, class liquibase.sqlgenerator.core.CreateTableGenerator, class liquibase.sqlgenerator.core.CreateDatabaseChangeLogTableGenerator, class liquibase.sqlgenerator.core.GetViewDefinitionGeneratorDerby, class liquibase.sqlgenerator.core.ModifyDataTypeGenerator, class liquibase.sqlgenerator.core.CreateProcedureGenerator, class liquibase.sqlgenerator.core.UpdateChangeSetChecksumGenerator, class liquibase.sqlgenerator.core.AddPrimaryKeyGenerator, class liquibase.sqlgenerator.core.DropForeignKeyConstraintGenerator, class liquibase.sqlgenerator.core.GetViewDefinitionGeneratorHsql, class liquibase.sqlgenerator.core.AddColumnGeneratorSQLite, class liquibase.sqlgenerator.core.LockDatabaseChangeLogGenerator, class liquibase.sqlgenerator.core.AddAutoIncrementGeneratorMySQL, class liquibase.sqlgenerator.core.InsertGenerator, class liquibase.sqlgenerator.core.DropViewGenerator, class liquibase.sqlgenerator.core.CreateDatabaseChangeLogLockTableGenerator, class liquibase.sqlgenerator.core.AddDefaultValueGeneratorSybase, class liquibase.sqlgenerator.core.AddDefaultValueGeneratorInformix, class liquibase.sqlgenerator.core.CreateIndexGeneratorPostgres, class liquibase.sqlgenerator.core.AddAutoIncrementGeneratorHsqlH2, class liquibase.sqlgenerator.core.RenameViewGenerator, class liquibase.sqlgenerator.core.TagDatabaseGenerator, class liquibase.sqlgenerator.core.GetViewDefinitionGeneratorOracle, class liquibase.sqlgenerator.core.GetViewDefinitionGenerator, class liquibase.sqlgenerator.core.ReorganizeTableGeneratorDB2, class liquibase.sqlgenerator.core.DropUniqueConstraintGenerator, class liquibase.sqlgenerator.core.ReindexGeneratorSQLite, class liquibase.sqlgenerator.core.InsertOrUpdateGeneratorSQLite, class liquibase.sqlgenerator.core.CreateTableGeneratorInformix, class liquibase.sqlgenerator.core.AddUniqueConstraintGeneratorInformix, class liquibase.sqlgenerator.core.RawSqlGenerator, class liquibase.sqlgenerator.core.UpdateDataChangeGenerator, class liquibase.sqlgenerator.core.RenameTableGenerator, class liquibase.sqlgenerator.core.InsertOrUpdateGeneratorOracle, class liquibase.sqlgenerator.core.GetViewDefinitionGeneratorMSSQL, class liquibase.sqlgenerator.core.MarkChangeSetRanGenerator, class liquibase.sqlgenerator.core.SetTableRemarksGenerator, class liquibase.sqlgenerator.core.SelectFromDatabaseChangeLogGenerator, class liquibase.sqlgenerator.core.StoredProcedureGenerator, class liquibase.sqlgenerator.core.AddDefaultValueGenerator, class liquibase.sqlgenerator.core.GetViewDefinitionGeneratorSybase, class liquibase.sqlgenerator.core.CreateDatabaseChangeLogTableGeneratorSybase, class liquibase.sqlgenerator.core.GetViewDefinitionGeneratorSybaseASA, class liquibase.sqlgenerator.core.AddDefaultValueGeneratorPostgres, class liquibase.sqlgenerator.core.BatchDmlExecutablePreparedStatementGenerator, class liquibase.sqlgenerator.core.AbstractSqlGenerator, class liquibase.sqlgenerator.core.CommentGenerator, class liquibase.sqlgenerator.core.CopyRowsGenerator, class liquibase.sqlgenerator.core.AddUniqueConstraintGenerator, class liquibase.sqlgenerator.core.InsertOrUpdateGeneratorMSSQL, class liquibase.sqlgenerator.core.AddForeignKeyConstraintGenerator, class liquibase.sqlgenerator.core.GetViewDefinitionGeneratorPostgres, class liquibase.sqlgenerator.core.DropTableGenerator, class liquibase.sqlgenerator.core.InsertOrUpdateGeneratorPostgres, class liquibase.sqlgenerator.core.CreateIndexGenerator, class liquibase.sqlgenerator.core.GetViewDefinitionGeneratorInformix, class liquibase.sqlgenerator.core.AddAutoIncrementGeneratorDB2, class liquibase.sqlgenerator.core.DropPrimaryKeyGenerator, class liquibase.sqlgenerator.core.InsertOrUpdateGeneratorH2, class liquibase.sqlgenerator.core.AddAutoIncrementGenerator, class liquibase.sqlgenerator.core.AddAutoIncrementGeneratorInformix, class liquibase.sqlgenerator.core.DropProcedureGenerator, class liquibase.sqlgenerator.core.RemoveChangeSetRanStatusGenerator, class liquibase.sqlgenerator.core.AddPrimaryKeyGeneratorInformix, class liquibase.sqlgenerator.core.CreateSequenceGenerator, class liquibase.sqlgenerator.core.GetNextChangeSetSequenceValueGenerator, class liquibase.sqlgenerator.core.RenameSequenceGenerator, class liquibase.sqlgenerator.core.SetColumnRemarksGenerator, class liquibase.sqlgenerator.core.GetViewDefinitionGeneratorDB2, class liquibase.sqlgenerator.core.DropColumnGenerator, class liquibase.sqlgenerator.core.GetViewDefinitionGeneratorFirebird, class liquibase.sqlgenerator.core.SetNullableGenerator, class liquibase.sqlgenerator.core.AddDefaultValueGeneratorDerby, class liquibase.sqlgenerator.core.DeleteGenerator, class liquibase.sqlgenerator.core.InsertOrUpdateGeneratorDB2, class liquibase.sqlgenerator.core.AlterSequenceGenerator, class liquibase.sqlgenerator.core.CreateViewGeneratorInformix, class liquibase.sqlgenerator.core.SelectFromDatabaseChangeLogLockGenerator]
2019-09-13 01:22:38.820 DEBUG 4924 --- [           main] l.s.CustomResolverServiceLocator         : liquibase.sqlgenerator.core.AddColumnGeneratorDefaultClauseBeforeNotNull matches liquibase.sqlgenerator.SqlGenerator
2019-09-13 01:22:38.820 DEBUG 4924 --- [           main] l.s.CustomResolverServiceLocator         : liquibase.sqlgenerator.core.InitializeDatabaseChangeLogLockTableGenerator matches liquibase.sqlgenerator.SqlGenerator
2019-09-13 01:22:38.820 DEBUG 4924 --- [           main] l.s.CustomResolverServiceLocator         : liquibase.sqlgenerator.core.TableRowCountGenerator matches liquibase.sqlgenerator.SqlGenerator
2019-09-13 01:22:38.821 DEBUG 4924 --- [           main] l.s.CustomResolverServiceLocator         : liquibase.sqlgenerator.core.AddColumnGenerator matches liquibase.sqlgenerator.SqlGenerator
2019-09-13 01:22:38.821 DEBUG 4924 --- [           main] l.s.CustomResolverServiceLocator         : liquibase.sqlgenerator.core.AddDefaultValueGeneratorSQLite matches liquibase.sqlgenerator.SqlGenerator
2019-09-13 01:22:38.821 DEBUG 4924 --- [           main] l.s.CustomResolverServiceLocator         : liquibase.sqlgenerator.core.DropDefaultValueGenerator matches liquibase.sqlgenerator.SqlGenerator
2019-09-13 01:22:38.821 DEBUG 4924 --- [           main] l.s.CustomResolverServiceLocator         : liquibase.sqlgenerator.core.ClearDatabaseChangeLogTableGenerator matches liquibase.sqlgenerator.SqlGenerator
2019-09-13 01:22:38.821 DEBUG 4924 --- [           main] l.s.CustomResolverServiceLocator         : liquibase.sqlgenerator.core.CreateViewGenerator matches liquibase.sqlgenerator.SqlGenerator
2019-09-13 01:22:38.822 DEBUG 4924 --- [           main] l.s.CustomResolverServiceLocator         : liquibase.sqlgenerator.core.AddDefaultValueGeneratorOracle matches liquibase.sqlgenerator.SqlGenerator
2019-09-13 01:22:38.822 DEBUG 4924 --- [           main] l.s.CustomResolverServiceLocator         : liquibase.sqlgenerator.core.AddDefaultValueGeneratorMySQL matches liquibase.sqlgenerator.SqlGenerator
2019-09-13 01:22:38.822 DEBUG 4924 --- [           main] l.s.CustomResolverServiceLocator         : liquibase.sqlgenerator.core.RenameColumnGenerator matches liquibase.sqlgenerator.SqlGenerator
2019-09-13 01:22:38.823 DEBUG 4924 --- [           main] l.s.CustomResolverServiceLocator         : liquibase.sqlgenerator.core.InsertOrUpdateGeneratorMySQL matches liquibase.sqlgenerator.SqlGenerator
2019-09-13 01:22:38.823 DEBUG 4924 --- [           main] l.s.CustomResolverServiceLocator         : liquibase.sqlgenerator.core.UpdateGenerator matches liquibase.sqlgenerator.SqlGenerator
2019-09-13 01:22:38.824 DEBUG 4924 --- [           main] l.s.CustomResolverServiceLocator         : liquibase.sqlgenerator.core.AddDefaultValueGeneratorMSSQL matches liquibase.sqlgenerator.SqlGenerator
2019-09-13 01:22:38.824 DEBUG 4924 --- [           main] l.s.CustomResolverServiceLocator         : liquibase.sqlgenerator.core.DropIndexGenerator matches liquibase.sqlgenerator.SqlGenerator
2019-09-13 01:22:38.824 DEBUG 4924 --- [           main] l.s.CustomResolverServiceLocator         : liquibase.sqlgenerator.core.RuntimeGenerator matches liquibase.sqlgenerator.SqlGenerator
2019-09-13 01:22:38.826 DEBUG 4924 --- [           main] l.s.CustomResolverServiceLocator         : liquibase.sqlgenerator.core.InsertSetGenerator matches liquibase.sqlgenerator.SqlGenerator
2019-09-13 01:22:38.826 DEBUG 4924 --- [           main] l.s.CustomResolverServiceLocator         : liquibase.sqlgenerator.core.InsertOrUpdateGeneratorInformix matches liquibase.sqlgenerator.SqlGenerator
2019-09-13 01:22:38.826 DEBUG 4924 --- [           main] l.s.CustomResolverServiceLocator         : liquibase.sqlgenerator.core.InsertOrUpdateGeneratorHsql matches liquibase.sqlgenerator.SqlGenerator
2019-09-13 01:22:38.826 DEBUG 4924 --- [           main] l.s.CustomResolverServiceLocator         : liquibase.sqlgenerator.core.DropSequenceGenerator matches liquibase.sqlgenerator.SqlGenerator
2019-09-13 01:22:38.826 DEBUG 4924 --- [           main] l.s.CustomResolverServiceLocator         : liquibase.sqlgenerator.core.InsertOrUpdateGeneratorSybaseASA matches liquibase.sqlgenerator.SqlGenerator
2019-09-13 01:22:38.826 DEBUG 4924 --- [           main] l.s.CustomResolverServiceLocator         : liquibase.sqlgenerator.core.UnlockDatabaseChangeLogGenerator matches liquibase.sqlgenerator.SqlGenerator
2019-09-13 01:22:38.827 DEBUG 4924 --- [           main] l.s.CustomResolverServiceLocator         : liquibase.sqlgenerator.core.AddDefaultValueGeneratorSybaseASA matches liquibase.sqlgenerator.SqlGenerator
2019-09-13 01:22:38.827 DEBUG 4924 --- [           main] l.s.CustomResolverServiceLocator         : liquibase.sqlgenerator.core.InsertDataChangeGenerator matches liquibase.sqlgenerator.SqlGenerator
2019-09-13 01:22:38.827 DEBUG 4924 --- [           main] l.s.CustomResolverServiceLocator         : liquibase.sqlgenerator.core.AddUniqueConstraintGeneratorTDS matches liquibase.sqlgenerator.SqlGenerator
2019-09-13 01:22:38.827 DEBUG 4924 --- [           main] l.s.CustomResolverServiceLocator         : liquibase.sqlgenerator.core.AddAutoIncrementGeneratorSQLite matches liquibase.sqlgenerator.SqlGenerator
2019-09-13 01:22:38.828 DEBUG 4924 --- [           main] l.s.CustomResolverServiceLocator         : liquibase.sqlgenerator.core.CreateIndexGeneratorFirebird matches liquibase.sqlgenerator.SqlGenerator
2019-09-13 01:22:38.829 DEBUG 4924 --- [           main] l.s.CustomResolverServiceLocator         : liquibase.sqlgenerator.core.CreateTableGenerator matches liquibase.sqlgenerator.SqlGenerator
2019-09-13 01:22:38.829 DEBUG 4924 --- [           main] l.s.CustomResolverServiceLocator         : liquibase.sqlgenerator.core.CreateDatabaseChangeLogTableGenerator matches liquibase.sqlgenerator.SqlGenerator
2019-09-13 01:22:38.829 DEBUG 4924 --- [           main] l.s.CustomResolverServiceLocator         : liquibase.sqlgenerator.core.GetViewDefinitionGeneratorDerby matches liquibase.sqlgenerator.SqlGenerator
2019-09-13 01:22:38.829 DEBUG 4924 --- [           main] l.s.CustomResolverServiceLocator         : liquibase.sqlgenerator.core.ModifyDataTypeGenerator matches liquibase.sqlgenerator.SqlGenerator
2019-09-13 01:22:38.830 DEBUG 4924 --- [           main] l.s.CustomResolverServiceLocator         : liquibase.sqlgenerator.core.CreateProcedureGenerator matches liquibase.sqlgenerator.SqlGenerator
2019-09-13 01:22:38.830 DEBUG 4924 --- [           main] l.s.CustomResolverServiceLocator         : liquibase.sqlgenerator.core.UpdateChangeSetChecksumGenerator matches liquibase.sqlgenerator.SqlGenerator
2019-09-13 01:22:38.830 DEBUG 4924 --- [           main] l.s.CustomResolverServiceLocator         : liquibase.sqlgenerator.core.AddPrimaryKeyGenerator matches liquibase.sqlgenerator.SqlGenerator
2019-09-13 01:22:38.830 DEBUG 4924 --- [           main] l.s.CustomResolverServiceLocator         : liquibase.sqlgenerator.core.DropForeignKeyConstraintGenerator matches liquibase.sqlgenerator.SqlGenerator
2019-09-13 01:22:38.830 DEBUG 4924 --- [           main] l.s.CustomResolverServiceLocator         : liquibase.sqlgenerator.core.GetViewDefinitionGeneratorHsql matches liquibase.sqlgenerator.SqlGenerator
2019-09-13 01:22:38.830 DEBUG 4924 --- [           main] l.s.CustomResolverServiceLocator         : liquibase.sqlgenerator.core.AddColumnGeneratorSQLite matches liquibase.sqlgenerator.SqlGenerator
2019-09-13 01:22:38.830 DEBUG 4924 --- [           main] l.s.CustomResolverServiceLocator         : liquibase.sqlgenerator.core.LockDatabaseChangeLogGenerator matches liquibase.sqlgenerator.SqlGenerator
2019-09-13 01:22:38.831 DEBUG 4924 --- [           main] l.s.CustomResolverServiceLocator         : liquibase.sqlgenerator.core.AddAutoIncrementGeneratorMySQL matches liquibase.sqlgenerator.SqlGenerator
2019-09-13 01:22:38.831 DEBUG 4924 --- [           main] l.s.CustomResolverServiceLocator         : liquibase.sqlgenerator.core.InsertGenerator matches liquibase.sqlgenerator.SqlGenerator
2019-09-13 01:22:38.831 DEBUG 4924 --- [           main] l.s.CustomResolverServiceLocator         : liquibase.sqlgenerator.core.DropViewGenerator matches liquibase.sqlgenerator.SqlGenerator
2019-09-13 01:22:38.831 DEBUG 4924 --- [           main] l.s.CustomResolverServiceLocator         : liquibase.sqlgenerator.core.CreateDatabaseChangeLogLockTableGenerator matches liquibase.sqlgenerator.SqlGenerator
2019-09-13 01:22:38.831 DEBUG 4924 --- [           main] l.s.CustomResolverServiceLocator         : liquibase.sqlgenerator.core.AddDefaultValueGeneratorSybase matches liquibase.sqlgenerator.SqlGenerator
2019-09-13 01:22:38.831 DEBUG 4924 --- [           main] l.s.CustomResolverServiceLocator         : liquibase.sqlgenerator.core.AddDefaultValueGeneratorInformix matches liquibase.sqlgenerator.SqlGenerator
2019-09-13 01:22:38.832 DEBUG 4924 --- [           main] l.s.CustomResolverServiceLocator         : liquibase.sqlgenerator.core.CreateIndexGeneratorPostgres matches liquibase.sqlgenerator.SqlGenerator
2019-09-13 01:22:38.832 DEBUG 4924 --- [           main] l.s.CustomResolverServiceLocator         : liquibase.sqlgenerator.core.AddAutoIncrementGeneratorHsqlH2 matches liquibase.sqlgenerator.SqlGenerator
[...]
	at org.junit.platform.engine.support.hierarchical.Node.around(Node.java:135) ~[junit-platform-engine-1.5.1.jar:1.5.1]
	at org.junit.platform.engine.support.hierarchical.NodeTestTask.lambda$executeRecursively$8(NodeTestTask.java:123) ~[junit-platform-engine-1.5.1.jar:1.5.1]
	at org.junit.platform.engine.support.hierarchical.ThrowableCollector.execute(ThrowableCollector.java:73) ~[junit-platform-engine-1.5.1.jar:1.5.1]
	at org.junit.platform.engine.support.hierarchical.NodeTestTask.executeRecursively(NodeTestTask.java:122) ~[junit-platform-engine-1.5.1.jar:1.5.1]
	at org.junit.platform.engine.support.hierarchical.NodeTestTask.execute(NodeTestTask.java:80) ~[junit-platform-engine-1.5.1.jar:1.5.1]
	at org.junit.platform.engine.support.hierarchical.SameThreadHierarchicalTestExecutorService.submit(SameThreadHierarchicalTestExecutorService.java:32) ~[junit-platform-engine-1.5.1.jar:1.5.1]
	at org.junit.platform.engine.support.hierarchical.HierarchicalTestExecutor.execute(HierarchicalTestExecutor.java:57) ~[junit-platform-engine-1.5.1.jar:1.5.1]
	at org.junit.platform.engine.support.hierarchical.HierarchicalTestEngine.execute(HierarchicalTestEngine.java:51) ~[junit-platform-engine-1.5.1.jar:1.5.1]
	at org.junit.platform.launcher.core.DefaultLauncher.execute(DefaultLauncher.java:220) ~[junit-platform-launcher-1.3.1.jar:1.3.1]
	at org.junit.platform.launcher.core.DefaultLauncher.lambda$execute$6(DefaultLauncher.java:188) ~[junit-platform-launcher-1.3.1.jar:1.3.1]
	at org.junit.platform.launcher.core.DefaultLauncher.withInterceptedStreams(DefaultLauncher.java:202) ~[junit-platform-launcher-1.3.1.jar:1.3.1]
	at org.junit.platform.launcher.core.DefaultLauncher.execute(DefaultLauncher.java:181) ~[junit-platform-launcher-1.3.1.jar:1.3.1]
	at org.junit.platform.launcher.core.DefaultLauncher.execute(DefaultLauncher.java:128) ~[junit-platform-launcher-1.3.1.jar:1.3.1]
	at org.apache.maven.surefire.junitplatform.JUnitPlatformProvider.invokeAllTests(JUnitPlatformProvider.java:150) ~[surefire-junit-platform-2.22.2.jar:2.22.2]
	at org.apache.maven.surefire.junitplatform.JUnitPlatformProvider.invoke(JUnitPlatformProvider.java:124) ~[surefire-junit-platform-2.22.2.jar:2.22.2]
	at org.apache.maven.surefire.booter.ForkedBooter.invokeProviderInSameClassLoader(ForkedBooter.java:384) ~[surefire-booter-2.22.2.jar:2.22.2]
	at org.apache.maven.surefire.booter.ForkedBooter.runSuitesInProcess(ForkedBooter.java:345) ~[surefire-booter-2.22.2.jar:2.22.2]
	at org.apache.maven.surefire.booter.ForkedBooter.execute(ForkedBooter.java:126) ~[surefire-booter-2.22.2.jar:2.22.2]
	at org.apache.maven.surefire.booter.ForkedBooter.main(ForkedBooter.java:418) ~[surefire-booter-2.22.2.jar:2.22.2]
Caused by: liquibase.exception.ChangeLogParseException: Error Reading Migration File: class path resource [db/changelog/changelog-master.xml] cannot be resolved to URL because it does not exist
	at liquibase.parser.core.xml.XMLChangeLogSAXParser.parseToNode(XMLChangeLogSAXParser.java:118) ~[liquibase-core-3.7.0.jar:na]
	at liquibase.parser.core.xml.AbstractChangeLogParser.parse(AbstractChangeLogParser.java:15) ~[liquibase-core-3.7.0.jar:na]
	at liquibase.Liquibase.getDatabaseChangeLog(Liquibase.java:217) ~[liquibase-core-3.7.0.jar:na]
	at liquibase.Liquibase.update(Liquibase.java:190) ~[liquibase-core-3.7.0.jar:na]
	at liquibase.Liquibase.update(Liquibase.java:179) ~[liquibase-core-3.7.0.jar:na]
	at liquibase.integration.spring.SpringLiquibase.performUpdate(SpringLiquibase.java:366) ~[liquibase-core-3.7.0.jar:na]
	at liquibase.integration.spring.SpringLiquibase.afterPropertiesSet(SpringLiquibase.java:314) ~[liquibase-core-3.7.0.jar:na]
	at org.springframework.beans.factory.support.AbstractAutowireCapableBeanFactory.invokeInitMethods(AbstractAutowireCapableBeanFactory.java:1863) ~[spring-beans-5.2.0.RC1.jar:5.2.0.RC1]
	at org.springframework.beans.factory.support.AbstractAutowireCapableBeanFactory.initializeBean(AbstractAutowireCapableBeanFactory.java:1800) ~[spring-beans-5.2.0.RC1.jar:5.2.0.RC1]
	... 82 common frames omitted
Caused by: java.io.FileNotFoundException: class path resource [db/changelog/changelog-master.xml] cannot be resolved to URL because it does not exist
	at org.springframework.core.io.ClassPathResource.getURL(ClassPathResource.java:195) ~[spring-core-5.2.0.RC1.jar:5.2.0.RC1]
	at liquibase.integration.spring.SpringLiquibase$SpringResourceOpener.getResourcesAsStream(SpringLiquibase.java:613) ~[liquibase-core-3.7.0.jar:na]
	at liquibase.util.StreamUtil.singleInputStream(StreamUtil.java:186) ~[liquibase-core-3.7.0.jar:na]
	at liquibase.parser.core.xml.XMLChangeLogSAXParser.parseToNode(XMLChangeLogSAXParser.java:71) ~[liquibase-core-3.7.0.jar:na]
	... 90 common frames omitted

2019-09-13 01:22:39.081 ERROR 4924 --- [           main] o.s.test.context.TestContextManager      : Caught exception while allowing TestExecutionListener [org.springframework.test.context.web.ServletTestExecutionListener@3a3e78f] to prepare test instance [com.example.database.databaseDemo.DatabaseDemoApplicationTests@e72fb04]

java.lang.IllegalStateException: Failed to load ApplicationContext
	at org.springframework.test.context.cache.DefaultCacheAwareContextLoaderDelegate.loadContext(DefaultCacheAwareContextLoaderDelegate.java:132) ~[spring-test-5.2.0.RC1.jar:5.2.0.RC1]
	at org.springframework.test.context.support.DefaultTestContext.getApplicationContext(DefaultTestContext.java:122) ~[spring-test-5.2.0.RC1.jar:5.2.0.RC1]
	at org.springframework.test.context.web.ServletTestExecutionListener.setUpRequestContextIfNecessary(ServletTestExecutionListener.java:190) ~[spring-test-5.2.0.RC1.jar:5.2.0.RC1]
	at org.springframework.test.context.web.ServletTestExecutionListener.prepareTestInstance(ServletTestExecutionListener.java:132) ~[spring-test-5.2.0.RC1.jar:5.2.0.RC1]
	at org.springframework.test.context.TestContextManager.prepareTestInstance(TestContextManager.java:244) ~[spring-test-5.2.0.RC1.jar:5.2.0.RC1]
	at org.springframework.test.context.junit.jupiter.SpringExtension.postProcessTestInstance(SpringExtension.java:98) ~[spring-test-5.2.0.RC1.jar:5.2.0.RC1]
	at org.junit.jupiter.engine.descriptor.ClassBasedTestDescriptor.lambda$invokeTestInstancePostProcessors$5(ClassBasedTestDescriptor.java:337) ~[junit-jupiter-engine-5.5.1.jar:5.5.1]
	at org.junit.jupiter.engine.descriptor.ClassBasedTestDescriptor.executeAndMaskThrowable(ClassBasedTestDescriptor.java:342) ~[junit-jupiter-engine-5.5.1.jar:5.5.1]
	at org.junit.jupiter.engine.descriptor.ClassBasedTestDescriptor.lambda$invokeTestInstancePostProcessors$6(ClassBasedTestDescriptor.java:337) ~[junit-jupiter-engine-5.5.1.jar:5.5.1]
	at java.base/java.util.stream.ReferencePipeline$3$1.accept(ReferencePipeline.java:195) ~[na:na]
	at java.base/java.util.stream.ReferencePipeline$2$1.accept(ReferencePipeline.java:177) ~[na:na]
	at java.base/java.util.ArrayList$ArrayListSpliterator.forEachRemaining(ArrayList.java:1654) ~[na:na]
	at java.base/java.util.stream.AbstractPipeline.copyInto(AbstractPipeline.java:484) ~[na:na]
	at java.base/java.util.stream.AbstractPipeline.wrapAndCopyInto(AbstractPipeline.java:474) ~[na:na]
	at java.base/java.util.stream.StreamSpliterators$WrappingSpliterator.forEachRemaining(StreamSpliterators.java:312) ~[na:na]
	at java.base/java.util.stream.Streams$ConcatSpliterator.forEachRemaining(Streams.java:735) ~[na:na]
	at java.base/java.util.stream.Streams$ConcatSpliterator.forEachRemaining(Streams.java:734) ~[na:na]
	at java.base/java.util.stream.ReferencePipeline$Head.forEach(ReferencePipeline.java:658) ~[na:na]
	at org.junit.jupiter.engine.descriptor.ClassBasedTestDescriptor.invokeTestInstancePostProcessors(ClassBasedTestDescriptor.java:336) ~[junit-jupiter-engine-5.5.1.jar:5.5.1]
	at org.junit.jupiter.engine.descriptor.ClassBasedTestDescriptor.instantiateAndPostProcessTestInstance(ClassBasedTestDescriptor.java:259) ~[junit-jupiter-engine-5.5.1.jar:5.5.1]
	at org.junit.jupiter.engine.descriptor.ClassBasedTestDescriptor.lambda$testInstancesProvider$2(ClassBasedTestDescriptor.java:252) ~[junit-jupiter-engine-5.5.1.jar:5.5.1]
	at java.base/java.util.Optional.orElseGet(Optional.java:369) ~[na:na]
	at org.junit.jupiter.engine.descriptor.ClassBasedTestDescriptor.lambda$testInstancesProvider$3(ClassBasedTestDescriptor.java:251) ~[junit-jupiter-engine-5.5.1.jar:5.5.1]
	at org.junit.jupiter.engine.execution.TestInstancesProvider.getTestInstances(TestInstancesProvider.java:29) ~[junit-jupiter-engine-5.5.1.jar:5.5.1]
	at org.junit.jupiter.engine.descriptor.TestMethodTestDescriptor.lambda$prepare$0(TestMethodTestDescriptor.java:106) ~[junit-jupiter-engine-5.5.1.jar:5.5.1]
	at org.junit.platform.engine.support.hierarchical.ThrowableCollector.execute(ThrowableCollector.java:73) ~[junit-platform-engine-1.5.1.jar:1.5.1]
	at org.junit.jupiter.engine.descriptor.TestMethodTestDescriptor.prepare(TestMethodTestDescriptor.java:105) ~[junit-jupiter-engine-5.5.1.jar:5.5.1]
	at org.junit.jupiter.engine.descriptor.TestMethodTestDescriptor.prepare(TestMethodTestDescriptor.java:69) ~[junit-jupiter-engine-5.5.1.jar:5.5.1]
	at org.junit.platform.engine.support.hierarchical.NodeTestTask.lambda$prepare$1(NodeTestTask.java:107) ~[junit-platform-engine-1.5.1.jar:1.5.1]
	at org.junit.platform.engine.support.hierarchical.ThrowableCollector.execute(ThrowableCollector.java:73) ~[junit-platform-engine-1.5.1.jar:1.5.1]
	at org.junit.platform.engine.support.hierarchical.NodeTestTask.prepare(NodeTestTask.java:107) ~[junit-platform-engine-1.5.1.jar:1.5.1]
	at org.junit.platform.engine.support.hierarchical.NodeTestTask.execute(NodeTestTask.java:75) ~[junit-platform-engine-1.5.1.jar:1.5.1]
	at java.base/java.util.ArrayList.forEach(ArrayList.java:1540) ~[na:na]
	at org.junit.platform.engine.support.hierarchical.SameThreadHierarchicalTestExecutorService.invokeAll(SameThreadHierarchicalTestExecutorService.java:38) ~[junit-platform-engine-1.5.1.jar:1.5.1]
	at org.junit.platform.engine.support.hierarchical.NodeTestTask.lambda$executeRecursively$5(NodeTestTask.java:139) ~[junit-platform-engine-1.5.1.jar:1.5.1]
	at org.junit.platform.engine.support.hierarchical.ThrowableCollector.execute(ThrowableCollector.java:73) ~[junit-platform-engine-1.5.1.jar:1.5.1]
	at org.junit.platform.engine.support.hierarchical.NodeTestTask.lambda$executeRecursively$7(NodeTestTask.java:125) ~[junit-platform-engine-1.5.1.jar:1.5.1]
	at org.junit.platform.engine.support.hierarchical.Node.around(Node.java:135) ~[junit-platform-engine-1.5.1.jar:1.5.1]
	at org.junit.platform.engine.support.hierarchical.NodeTestTask.lambda$executeRecursively$8(NodeTestTask.java:123) ~[junit-platform-engine-1.5.1.jar:1.5.1]
	at org.junit.platform.engine.support.hierarchical.ThrowableCollector.execute(ThrowableCollector.java:73) ~[junit-platform-engine-1.5.1.jar:1.5.1]
	at org.junit.platform.engine.support.hierarchical.NodeTestTask.executeRecursively(NodeTestTask.java:122) ~[junit-platform-engine-1.5.1.jar:1.5.1]
	at org.junit.platform.engine.support.hierarchical.NodeTestTask.execute(NodeTestTask.java:80) ~[junit-platform-engine-1.5.1.jar:1.5.1]
	at java.base/java.util.ArrayList.forEach(ArrayList.java:1540) ~[na:na]
	at org.junit.platform.engine.support.hierarchical.SameThreadHierarchicalTestExecutorService.invokeAll(SameThreadHierarchicalTestExecutorService.java:38) ~[junit-platform-engine-1.5.1.jar:1.5.1]
	at org.junit.platform.engine.support.hierarchical.NodeTestTask.lambda$executeRecursively$5(NodeTestTask.java:139) ~[junit-platform-engine-1.5.1.jar:1.5.1]
	at org.junit.platform.engine.support.hierarchical.ThrowableCollector.execute(ThrowableCollector.java:73) ~[junit-platform-engine-1.5.1.jar:1.5.1]
	at org.junit.platform.engine.support.hierarchical.NodeTestTask.lambda$executeRecursively$7(NodeTestTask.java:125) ~[junit-platform-engine-1.5.1.jar:1.5.1]
	at org.junit.platform.engine.support.hierarchical.Node.around(Node.java:135) ~[junit-platform-engine-1.5.1.jar:1.5.1]
	at org.junit.platform.engine.support.hierarchical.NodeTestTask.lambda$executeRecursively$8(NodeTestTask.java:123) ~[junit-platform-engine-1.5.1.jar:1.5.1]
	at org.junit.platform.engine.support.hierarchical.ThrowableCollector.execute(ThrowableCollector.java:73) ~[junit-platform-engine-1.5.1.jar:1.5.1]
	at org.junit.platform.engine.support.hierarchical.NodeTestTask.executeRecursively(NodeTestTask.java:122) ~[junit-platform-engine-1.5.1.jar:1.5.1]
	at org.junit.platform.engine.support.hierarchical.NodeTestTask.execute(NodeTestTask.java:80) ~[junit-platform-engine-1.5.1.jar:1.5.1]
	at org.junit.platform.engine.support.hierarchical.SameThreadHierarchicalTestExecutorService.submit(SameThreadHierarchicalTestExecutorService.java:32) ~[junit-platform-engine-1.5.1.jar:1.5.1]
	at org.junit.platform.engine.support.hierarchical.HierarchicalTestExecutor.execute(HierarchicalTestExecutor.java:57) ~[junit-platform-engine-1.5.1.jar:1.5.1]
	at org.junit.platform.engine.support.hierarchical.HierarchicalTestEngine.execute(HierarchicalTestEngine.java:51) ~[junit-platform-engine-1.5.1.jar:1.5.1]
	at org.junit.platform.launcher.core.DefaultLauncher.execute(DefaultLauncher.java:220) ~[junit-platform-launcher-1.3.1.jar:1.3.1]
	at org.junit.platform.launcher.core.DefaultLauncher.lambda$execute$6(DefaultLauncher.java:188) ~[junit-platform-launcher-1.3.1.jar:1.3.1]
	at org.junit.platform.launcher.core.DefaultLauncher.withInterceptedStreams(DefaultLauncher.java:202) ~[junit-platform-launcher-1.3.1.jar:1.3.1]
	at org.junit.platform.launcher.core.DefaultLauncher.execute(DefaultLauncher.java:181) ~[junit-platform-launcher-1.3.1.jar:1.3.1]
	at org.junit.platform.launcher.core.DefaultLauncher.execute(DefaultLauncher.java:128) ~[junit-platform-launcher-1.3.1.jar:1.3.1]
	at org.apache.maven.surefire.junitplatform.JUnitPlatformProvider.invokeAllTests(JUnitPlatformProvider.java:150) ~[surefire-junit-platform-2.22.2.jar:2.22.2]
	at org.apache.maven.surefire.junitplatform.JUnitPlatformProvider.invoke(JUnitPlatformProvider.java:124) ~[surefire-junit-platform-2.22.2.jar:2.22.2]
	at org.apache.maven.surefire.booter.ForkedBooter.invokeProviderInSameClassLoader(ForkedBooter.java:384) ~[surefire-booter-2.22.2.jar:2.22.2]
	at org.apache.maven.surefire.booter.ForkedBooter.runSuitesInProcess(ForkedBooter.java:345) ~[surefire-booter-2.22.2.jar:2.22.2]
	at org.apache.maven.surefire.booter.ForkedBooter.execute(ForkedBooter.java:126) ~[surefire-booter-2.22.2.jar:2.22.2]
	at org.apache.maven.surefire.booter.ForkedBooter.main(ForkedBooter.java:418) ~[surefire-booter-2.22.2.jar:2.22.2]
Caused by: org.springframework.beans.factory.BeanCreationException: Error creating bean with name 'liquibase' defined in class path resource [org/springframework/boot/autoconfigure/liquibase/LiquibaseAutoConfiguration$LiquibaseConfiguration.class]: Invocation of init method failed; nested exception is liquibase.exception.ChangeLogParseException: Error Reading Migration File: class path resource [db/changelog/changelog-master.xml] cannot be resolved to URL because it does not exist
	at org.springframework.beans.factory.support.AbstractAutowireCapableBeanFactory.initializeBean(AbstractAutowireCapableBeanFactory.java:1804) ~[spring-beans-5.2.0.RC1.jar:5.2.0.RC1]
	at org.springframework.beans.factory.support.AbstractAutowireCapableBeanFactory.doCreateBean(AbstractAutowireCapableBeanFactory.java:595) ~[spring-beans-5.2.0.RC1.jar:5.2.0.RC1]
	at org.springframework.beans.factory.support.AbstractAutowireCapableBeanFactory.createBean(AbstractAutowireCapableBeanFactory.java:517) ~[spring-beans-5.2.0.RC1.jar:5.2.0.RC1]
	at org.springframework.beans.factory.support.AbstractBeanFactory.lambda$doGetBean$0(AbstractBeanFactory.java:323) ~[spring-beans-5.2.0.RC1.jar:5.2.0.RC1]
	at org.springframework.beans.factory.support.DefaultSingletonBeanRegistry.getSingleton(DefaultSingletonBeanRegistry.java:222) ~[spring-beans-5.2.0.RC1.jar:5.2.0.RC1]
	at org.springframework.beans.factory.support.AbstractBeanFactory.doGetBean(AbstractBeanFactory.java:321) ~[spring-beans-5.2.0.RC1.jar:5.2.0.RC1]
	at org.springframework.beans.factory.support.AbstractBeanFactory.getBean(AbstractBeanFactory.java:202) ~[spring-beans-5.2.0.RC1.jar:5.2.0.RC1]
	at org.springframework.beans.factory.support.AbstractBeanFactory.doGetBean(AbstractBeanFactory.java:310) ~[spring-beans-5.2.0.RC1.jar:5.2.0.RC1]
	at org.springframework.beans.factory.support.AbstractBeanFactory.getBean(AbstractBeanFactory.java:202) ~[spring-beans-5.2.0.RC1.jar:5.2.0.RC1]
	at org.springframework.context.support.AbstractApplicationContext.getBean(AbstractApplicationContext.java:1105) ~[spring-context-5.2.0.RC1.jar:5.2.0.RC1]
	at org.springframework.context.support.AbstractApplicationContext.finishBeanFactoryInitialization(AbstractApplicationContext.java:867) ~[spring-context-5.2.0.RC1.jar:5.2.0.RC1]
	at org.springframework.context.support.AbstractApplicationContext.refresh(AbstractApplicationContext.java:549) ~[spring-context-5.2.0.RC1.jar:5.2.0.RC1]
	at org.springframework.boot.SpringApplication.refresh(SpringApplication.java:746) ~[spring-boot-2.2.0.M5.jar:2.2.0.M5]
	at org.springframework.boot.SpringApplication.refreshContext(SpringApplication.java:396) ~[spring-boot-2.2.0.M5.jar:2.2.0.M5]
	at org.springframework.boot.SpringApplication.run(SpringApplication.java:315) ~[spring-boot-2.2.0.M5.jar:2.2.0.M5]
	at org.springframework.boot.test.context.SpringBootContextLoader.loadContext(SpringBootContextLoader.java:125) ~[spring-boot-test-2.2.0.M5.jar:2.2.0.M5]
	at org.springframework.test.context.cache.DefaultCacheAwareContextLoaderDelegate.loadContextInternal(DefaultCacheAwareContextLoaderDelegate.java:99) ~[spring-test-5.2.0.RC1.jar:5.2.0.RC1]
	at org.springframework.test.context.cache.DefaultCacheAwareContextLoaderDelegate.loadContext(DefaultCacheAwareContextLoaderDelegate.java:124) ~[spring-test-5.2.0.RC1.jar:5.2.0.RC1]
	... 65 common frames omitted
Caused by: liquibase.exception.ChangeLogParseException: Error Reading Migration File: class path resource [db/changelog/changelog-master.xml] cannot be resolved to URL because it does not exist
	at liquibase.parser.core.xml.XMLChangeLogSAXParser.parseToNode(XMLChangeLogSAXParser.java:118) ~[liquibase-core-3.7.0.jar:na]
	at liquibase.parser.core.xml.AbstractChangeLogParser.parse(AbstractChangeLogParser.java:15) ~[liquibase-core-3.7.0.jar:na]
	at liquibase.Liquibase.getDatabaseChangeLog(Liquibase.java:217) ~[liquibase-core-3.7.0.jar:na]
	at liquibase.Liquibase.update(Liquibase.java:190) ~[liquibase-core-3.7.0.jar:na]
	at liquibase.Liquibase.update(Liquibase.java:179) ~[liquibase-core-3.7.0.jar:na]
	at liquibase.integration.spring.SpringLiquibase.performUpdate(SpringLiquibase.java:366) ~[liquibase-core-3.7.0.jar:na]
	at liquibase.integration.spring.SpringLiquibase.afterPropertiesSet(SpringLiquibase.java:314) ~[liquibase-core-3.7.0.jar:na]
	at org.springframework.beans.factory.support.AbstractAutowireCapableBeanFactory.invokeInitMethods(AbstractAutowireCapableBeanFactory.java:1863) ~[spring-beans-5.2.0.RC1.jar:5.2.0.RC1]
	at org.springframework.beans.factory.support.AbstractAutowireCapableBeanFactory.initializeBean(AbstractAutowireCapableBeanFactory.java:1800) ~[spring-beans-5.2.0.RC1.jar:5.2.0.RC1]
	... 82 common frames omitted
Caused by: java.io.FileNotFoundException: class path resource [db/changelog/changelog-master.xml] cannot be resolved to URL because it does not exist
	at org.springframework.core.io.ClassPathResource.getURL(ClassPathResource.java:195) ~[spring-core-5.2.0.RC1.jar:5.2.0.RC1]
	at liquibase.integration.spring.SpringLiquibase$SpringResourceOpener.getResourcesAsStream(SpringLiquibase.java:613) ~[liquibase-core-3.7.0.jar:na]
	at liquibase.util.StreamUtil.singleInputStream(StreamUtil.java:186) ~[liquibase-core-3.7.0.jar:na]
	at liquibase.parser.core.xml.XMLChangeLogSAXParser.parseToNode(XMLChangeLogSAXParser.java:71) ~[liquibase-core-3.7.0.jar:na]
	... 90 common frames omitted

]]></system-out>
  </testcase>
</testsuite>